[2023-05-13 23:01:58,099] {taskinstance.py:1159} INFO - Dependencies all met for <TaskInstance: stock_ml_train.train_model manual__2023-05-13T23:00:43.234206+00:00 [queued]>
[2023-05-13 23:01:58,106] {taskinstance.py:1159} INFO - Dependencies all met for <TaskInstance: stock_ml_train.train_model manual__2023-05-13T23:00:43.234206+00:00 [queued]>
[2023-05-13 23:01:58,106] {taskinstance.py:1356} INFO - 
--------------------------------------------------------------------------------
[2023-05-13 23:01:58,107] {taskinstance.py:1357} INFO - Starting attempt 1 of 1
[2023-05-13 23:01:58,107] {taskinstance.py:1358} INFO - 
--------------------------------------------------------------------------------
[2023-05-13 23:01:58,116] {taskinstance.py:1377} INFO - Executing <Task(PythonOperator): train_model> on 2023-05-13 23:00:43.234206+00:00
[2023-05-13 23:01:58,122] {standard_task_runner.py:52} INFO - Started process 25045 to run task
[2023-05-13 23:01:58,126] {standard_task_runner.py:79} INFO - Running: ['***', 'tasks', 'run', 'stock_ml_train', 'train_model', 'manual__2023-05-13T23:00:43.234206+00:00', '--job-id', '152', '--raw', '--subdir', 'DAGS_FOLDER/stock_ml_train.py', '--cfg-path', '/tmp/tmpcy6htf6v', '--error-file', '/tmp/tmp6sihzivt']
[2023-05-13 23:01:58,128] {standard_task_runner.py:80} INFO - Job 152: Subtask train_model
[2023-05-13 23:01:58,183] {task_command.py:369} INFO - Running <TaskInstance: stock_ml_train.train_model manual__2023-05-13T23:00:43.234206+00:00 [running]> on host 0472f3babb17
[2023-05-13 23:01:58,235] {taskinstance.py:1571} INFO - Exporting the following env vars:
AIRFLOW_CTX_DAG_OWNER=pipis
AIRFLOW_CTX_DAG_ID=stock_ml_train
AIRFLOW_CTX_TASK_ID=train_model
AIRFLOW_CTX_EXECUTION_DATE=2023-05-13T23:00:43.234206+00:00
AIRFLOW_CTX_TRY_NUMBER=1
AIRFLOW_CTX_DAG_RUN_ID=manual__2023-05-13T23:00:43.234206+00:00
[2023-05-13 23:08:18,363] {logging_mixin.py:115} INFO - Stock Data train done!
[2023-05-13 23:11:24,190] {logging_mixin.py:115} INFO - ETF Data train done!
[2023-05-13 23:11:30,333] {logging_mixin.py:115} INFO - Mean Absolute Error and Mean Squared Error 748494.1569734828 30106747067020.105
[2023-05-13 23:11:30,607] {python.py:173} INFO - Done. Returned value was: None
[2023-05-13 23:11:30,622] {taskinstance.py:1400} INFO - Marking task as SUCCESS. dag_id=stock_ml_train, task_id=train_model, execution_date=20230513T230043, start_date=20230513T230158, end_date=20230513T231130
[2023-05-13 23:11:30,783] {local_task_job.py:156} INFO - Task exited with return code 0
[2023-05-13 23:11:30,808] {local_task_job.py:273} INFO - 0 downstream tasks scheduled from follow-on schedule check
