[2023-05-28 05:37:42,980] {taskinstance.py:1159} INFO - Dependencies all met for <TaskInstance: stock_spark_airflow.raw_data_processing.verify_raw_data_path manual__2023-05-28T05:37:42.471988+00:00 [queued]>
[2023-05-28 05:37:42,986] {taskinstance.py:1159} INFO - Dependencies all met for <TaskInstance: stock_spark_airflow.raw_data_processing.verify_raw_data_path manual__2023-05-28T05:37:42.471988+00:00 [queued]>
[2023-05-28 05:37:42,986] {taskinstance.py:1356} INFO - 
--------------------------------------------------------------------------------
[2023-05-28 05:37:42,987] {taskinstance.py:1357} INFO - Starting attempt 1 of 1
[2023-05-28 05:37:42,987] {taskinstance.py:1358} INFO - 
--------------------------------------------------------------------------------
[2023-05-28 05:37:42,994] {taskinstance.py:1377} INFO - Executing <Task(PythonOperator): raw_data_processing.verify_raw_data_path> on 2023-05-28 05:37:42.471988+00:00
[2023-05-28 05:37:42,999] {standard_task_runner.py:52} INFO - Started process 98 to run task
[2023-05-28 05:37:43,002] {standard_task_runner.py:79} INFO - Running: ['***', 'tasks', 'run', 'stock_spark_***', 'raw_data_processing.verify_raw_data_path', 'manual__2023-05-28T05:37:42.471988+00:00', '--job-id', '330', '--raw', '--subdir', 'DAGS_FOLDER/stock_spark_ml.py', '--cfg-path', '/tmp/tmpz05sltub', '--error-file', '/tmp/tmpww6wr3_8']
[2023-05-28 05:37:43,003] {standard_task_runner.py:80} INFO - Job 330: Subtask raw_data_processing.verify_raw_data_path
[2023-05-28 05:37:43,044] {task_command.py:369} INFO - Running <TaskInstance: stock_spark_airflow.raw_data_processing.verify_raw_data_path manual__2023-05-28T05:37:42.471988+00:00 [running]> on host 58e417c56c9d
[2023-05-28 05:37:43,098] {taskinstance.py:1571} INFO - Exporting the following env vars:
AIRFLOW_CTX_DAG_OWNER=***
AIRFLOW_CTX_DAG_ID=stock_spark_***
AIRFLOW_CTX_TASK_ID=raw_data_processing.verify_raw_data_path
AIRFLOW_CTX_EXECUTION_DATE=2023-05-28T05:37:42.471988+00:00
AIRFLOW_CTX_TRY_NUMBER=1
AIRFLOW_CTX_DAG_RUN_ID=manual__2023-05-28T05:37:42.471988+00:00
[2023-05-28 05:37:43,099] {python.py:173} INFO - Done. Returned value was: None
[2023-05-28 05:37:43,110] {taskinstance.py:1400} INFO - Marking task as SUCCESS. dag_id=stock_spark_***, task_id=raw_data_processing.verify_raw_data_path, execution_date=20230528T053742, start_date=20230528T053742, end_date=20230528T053743
[2023-05-28 05:37:43,134] {local_task_job.py:156} INFO - Task exited with return code 0
[2023-05-28 05:37:43,165] {local_task_job.py:273} INFO - 2 downstream tasks scheduled from follow-on schedule check
