[2023-05-28 03:13:07,456] {taskinstance.py:1159} INFO - Dependencies all met for <TaskInstance: stock_spark_airflow.feature_engineering.verify_feature_data_path manual__2023-05-28T03:10:39.403102+00:00 [queued]>
[2023-05-28 03:13:07,462] {taskinstance.py:1159} INFO - Dependencies all met for <TaskInstance: stock_spark_airflow.feature_engineering.verify_feature_data_path manual__2023-05-28T03:10:39.403102+00:00 [queued]>
[2023-05-28 03:13:07,462] {taskinstance.py:1356} INFO - 
--------------------------------------------------------------------------------
[2023-05-28 03:13:07,463] {taskinstance.py:1357} INFO - Starting attempt 1 of 1
[2023-05-28 03:13:07,463] {taskinstance.py:1358} INFO - 
--------------------------------------------------------------------------------
[2023-05-28 03:13:07,471] {taskinstance.py:1377} INFO - Executing <Task(PythonOperator): feature_engineering.verify_feature_data_path> on 2023-05-28 03:10:39.403102+00:00
[2023-05-28 03:13:07,475] {standard_task_runner.py:52} INFO - Started process 12688 to run task
[2023-05-28 03:13:07,479] {standard_task_runner.py:79} INFO - Running: ['***', 'tasks', 'run', 'stock_spark_***', 'feature_engineering.verify_feature_data_path', 'manual__2023-05-28T03:10:39.403102+00:00', '--job-id', '318', '--raw', '--subdir', 'DAGS_FOLDER/stock_spark_ml.py', '--cfg-path', '/tmp/tmpmqg596_3', '--error-file', '/tmp/tmpgjlsmis_']
[2023-05-28 03:13:07,480] {standard_task_runner.py:80} INFO - Job 318: Subtask feature_engineering.verify_feature_data_path
[2023-05-28 03:13:07,527] {task_command.py:369} INFO - Running <TaskInstance: stock_spark_airflow.feature_engineering.verify_feature_data_path manual__2023-05-28T03:10:39.403102+00:00 [running]> on host c1224b457a2d
[2023-05-28 03:13:07,577] {taskinstance.py:1571} INFO - Exporting the following env vars:
AIRFLOW_CTX_DAG_OWNER=***
AIRFLOW_CTX_DAG_ID=stock_spark_***
AIRFLOW_CTX_TASK_ID=feature_engineering.verify_feature_data_path
AIRFLOW_CTX_EXECUTION_DATE=2023-05-28T03:10:39.403102+00:00
AIRFLOW_CTX_TRY_NUMBER=1
AIRFLOW_CTX_DAG_RUN_ID=manual__2023-05-28T03:10:39.403102+00:00
[2023-05-28 03:13:07,579] {python.py:173} INFO - Done. Returned value was: None
[2023-05-28 03:13:07,589] {taskinstance.py:1400} INFO - Marking task as SUCCESS. dag_id=stock_spark_***, task_id=feature_engineering.verify_feature_data_path, execution_date=20230528T031039, start_date=20230528T031307, end_date=20230528T031307
[2023-05-28 03:13:07,611] {local_task_job.py:156} INFO - Task exited with return code 0
[2023-05-28 03:13:07,641] {local_task_job.py:273} INFO - 2 downstream tasks scheduled from follow-on schedule check
