[2023-05-28 14:06:12,745] {taskinstance.py:1159} INFO - Dependencies all met for <TaskInstance: stock_spark_airflow.raw_data_processing.verify_raw_data_path manual__2023-05-28T14:06:12.061445+00:00 [queued]>
[2023-05-28 14:06:12,751] {taskinstance.py:1159} INFO - Dependencies all met for <TaskInstance: stock_spark_airflow.raw_data_processing.verify_raw_data_path manual__2023-05-28T14:06:12.061445+00:00 [queued]>
[2023-05-28 14:06:12,752] {taskinstance.py:1356} INFO - 
--------------------------------------------------------------------------------
[2023-05-28 14:06:12,752] {taskinstance.py:1357} INFO - Starting attempt 1 of 1
[2023-05-28 14:06:12,753] {taskinstance.py:1358} INFO - 
--------------------------------------------------------------------------------
[2023-05-28 14:06:12,763] {taskinstance.py:1377} INFO - Executing <Task(PythonOperator): raw_data_processing.verify_raw_data_path> on 2023-05-28 14:06:12.061445+00:00
[2023-05-28 14:06:12,769] {standard_task_runner.py:52} INFO - Started process 765 to run task
[2023-05-28 14:06:12,772] {standard_task_runner.py:79} INFO - Running: ['***', 'tasks', 'run', 'stock_spark_***', 'raw_data_processing.verify_raw_data_path', 'manual__2023-05-28T14:06:12.061445+00:00', '--job-id', '341', '--raw', '--subdir', 'DAGS_FOLDER/stock_spark_ml.py', '--cfg-path', '/tmp/tmptglobv0v', '--error-file', '/tmp/tmpjxga1f5o']
[2023-05-28 14:06:12,774] {standard_task_runner.py:80} INFO - Job 341: Subtask raw_data_processing.verify_raw_data_path
[2023-05-28 14:06:12,820] {task_command.py:369} INFO - Running <TaskInstance: stock_spark_airflow.raw_data_processing.verify_raw_data_path manual__2023-05-28T14:06:12.061445+00:00 [running]> on host 58e417c56c9d
[2023-05-28 14:06:12,872] {taskinstance.py:1571} INFO - Exporting the following env vars:
AIRFLOW_CTX_DAG_OWNER=***
AIRFLOW_CTX_DAG_ID=stock_spark_***
AIRFLOW_CTX_TASK_ID=raw_data_processing.verify_raw_data_path
AIRFLOW_CTX_EXECUTION_DATE=2023-05-28T14:06:12.061445+00:00
AIRFLOW_CTX_TRY_NUMBER=1
AIRFLOW_CTX_DAG_RUN_ID=manual__2023-05-28T14:06:12.061445+00:00
[2023-05-28 14:06:12,874] {python.py:173} INFO - Done. Returned value was: None
[2023-05-28 14:06:12,885] {taskinstance.py:1400} INFO - Marking task as SUCCESS. dag_id=stock_spark_***, task_id=raw_data_processing.verify_raw_data_path, execution_date=20230528T140612, start_date=20230528T140612, end_date=20230528T140612
[2023-05-28 14:06:12,905] {local_task_job.py:156} INFO - Task exited with return code 0
[2023-05-28 14:06:12,937] {local_task_job.py:273} INFO - 2 downstream tasks scheduled from follow-on schedule check
