[2023-05-13 23:00:45,676] {taskinstance.py:1159} INFO - Dependencies all met for <TaskInstance: stock_ml_train.raw_data_processing.etf_data_processing manual__2023-05-13T23:00:43.234206+00:00 [queued]>
[2023-05-13 23:00:45,682] {taskinstance.py:1159} INFO - Dependencies all met for <TaskInstance: stock_ml_train.raw_data_processing.etf_data_processing manual__2023-05-13T23:00:43.234206+00:00 [queued]>
[2023-05-13 23:00:45,683] {taskinstance.py:1356} INFO - 
--------------------------------------------------------------------------------
[2023-05-13 23:00:45,683] {taskinstance.py:1357} INFO - Starting attempt 1 of 1
[2023-05-13 23:00:45,684] {taskinstance.py:1358} INFO - 
--------------------------------------------------------------------------------
[2023-05-13 23:00:45,691] {taskinstance.py:1377} INFO - Executing <Task(PythonOperator): raw_data_processing.etf_data_processing> on 2023-05-13 23:00:43.234206+00:00
[2023-05-13 23:00:45,696] {standard_task_runner.py:52} INFO - Started process 13683 to run task
[2023-05-13 23:00:45,701] {standard_task_runner.py:79} INFO - Running: ['***', 'tasks', 'run', 'stock_ml_train', 'raw_data_processing.etf_data_processing', 'manual__2023-05-13T23:00:43.234206+00:00', '--job-id', '147', '--raw', '--subdir', 'DAGS_FOLDER/stock_ml_train.py', '--cfg-path', '/tmp/tmpqwr86mwb', '--error-file', '/tmp/tmp8f0v22c5']
[2023-05-13 23:00:45,702] {standard_task_runner.py:80} INFO - Job 147: Subtask raw_data_processing.etf_data_processing
[2023-05-13 23:00:45,746] {task_command.py:369} INFO - Running <TaskInstance: stock_ml_train.raw_data_processing.etf_data_processing manual__2023-05-13T23:00:43.234206+00:00 [running]> on host 0472f3babb17
[2023-05-13 23:00:45,794] {taskinstance.py:1571} INFO - Exporting the following env vars:
AIRFLOW_CTX_DAG_OWNER=pipis
AIRFLOW_CTX_DAG_ID=stock_ml_train
AIRFLOW_CTX_TASK_ID=raw_data_processing.etf_data_processing
AIRFLOW_CTX_EXECUTION_DATE=2023-05-13T23:00:43.234206+00:00
AIRFLOW_CTX_TRY_NUMBER=1
AIRFLOW_CTX_DAG_RUN_ID=manual__2023-05-13T23:00:43.234206+00:00
[2023-05-13 23:01:12,888] {python.py:173} INFO - Done. Returned value was: None
[2023-05-13 23:01:12,905] {taskinstance.py:1400} INFO - Marking task as SUCCESS. dag_id=stock_ml_train, task_id=raw_data_processing.etf_data_processing, execution_date=20230513T230043, start_date=20230513T230045, end_date=20230513T230112
[2023-05-13 23:01:12,964] {local_task_job.py:156} INFO - Task exited with return code 0
[2023-05-13 23:01:12,994] {local_task_job.py:273} INFO - 0 downstream tasks scheduled from follow-on schedule check
