[2023-05-29 15:50:56,479] {taskinstance.py:1159} INFO - Dependencies all met for <TaskInstance: stock_spark_airflow.feature_engineering.stock_feature_processing manual__2023-05-28T14:06:12.061445+00:00 [failed]>
[2023-05-29 15:50:56,480] {taskinstance.py:1159} INFO - Dependencies all met for <TaskInstance: stock_spark_airflow.feature_engineering.stock_feature_processing manual__2023-05-28T14:06:12.061445+00:00 [failed]>
[2023-05-29 15:50:56,481] {taskinstance.py:1356} INFO - 
--------------------------------------------------------------------------------
[2023-05-29 15:50:56,481] {taskinstance.py:1357} INFO - Starting attempt 6 of 1
[2023-05-29 15:50:56,482] {taskinstance.py:1358} INFO - 
--------------------------------------------------------------------------------
[2023-05-29 15:50:56,489] {taskinstance.py:1377} INFO - Executing <Task(SparkSubmitOperator): feature_engineering.stock_feature_processing> on 2023-05-28 14:06:12.061445+00:00
[2023-05-29 15:50:56,494] {standard_task_runner.py:52} INFO - Started process 3047 to run task
[2023-05-29 15:50:56,497] {standard_task_runner.py:79} INFO - Running: ['***', 'tasks', 'run', 'stock_spark_***', 'feature_engineering.stock_feature_processing', 'manual__2023-05-28T14:06:12.061445+00:00', '--job-id', '359', '--pool', 'default_pool', '--raw', '--subdir', 'DAGS_FOLDER/stock_spark_ml.py', '--cfg-path', '/tmp/tmpq756tzm9', '--error-file', '/tmp/tmp3xkev3pu']
[2023-05-29 15:50:56,498] {standard_task_runner.py:80} INFO - Job 359: Subtask feature_engineering.stock_feature_processing
[2023-05-29 15:50:56,545] {task_command.py:369} INFO - Running <TaskInstance: stock_spark_airflow.feature_engineering.stock_feature_processing manual__2023-05-28T14:06:12.061445+00:00 [running]> on host 58e417c56c9d
[2023-05-29 15:50:56,597] {taskinstance.py:1571} INFO - Exporting the following env vars:
AIRFLOW_CTX_DAG_OWNER=***
AIRFLOW_CTX_DAG_ID=stock_spark_***
AIRFLOW_CTX_TASK_ID=feature_engineering.stock_feature_processing
AIRFLOW_CTX_EXECUTION_DATE=2023-05-28T14:06:12.061445+00:00
AIRFLOW_CTX_TRY_NUMBER=6
AIRFLOW_CTX_DAG_RUN_ID=manual__2023-05-28T14:06:12.061445+00:00
[2023-05-29 15:50:56,608] {base.py:68} INFO - Using connection ID 'spark_local' for task execution.
[2023-05-29 15:50:56,609] {spark_submit.py:339} INFO - Spark-Submit cmd: spark-submit --master spark://spark:7077 --name arrow-spark /usr/local/spark/app/feature_engineering_processing.py stocks
[2023-05-29 15:50:56,693] {spark_submit.py:490} INFO - /home/***/.local/lib/python3.7/site-packages/pyspark/bin/load-spark-env.sh: line 68: ps: command not found
[2023-05-29 15:50:58,873] {spark_submit.py:490} INFO - 23/05/29 15:50:58 INFO SparkContext: Running Spark version 3.4.0
[2023-05-29 15:50:58,917] {spark_submit.py:490} INFO - 23/05/29 15:50:58 WARN NativeCodeLoader: Unable to load native-hadoop library for your platform... using builtin-java classes where applicable
[2023-05-29 15:50:58,975] {spark_submit.py:490} INFO - 23/05/29 15:50:58 INFO ResourceUtils: ==============================================================
[2023-05-29 15:50:58,976] {spark_submit.py:490} INFO - 23/05/29 15:50:58 INFO ResourceUtils: No custom resources configured for spark.driver.
[2023-05-29 15:50:58,977] {spark_submit.py:490} INFO - 23/05/29 15:50:58 INFO ResourceUtils: ==============================================================
[2023-05-29 15:50:58,977] {spark_submit.py:490} INFO - 23/05/29 15:50:58 INFO SparkContext: Submitted application: random_reg
[2023-05-29 15:50:58,991] {spark_submit.py:490} INFO - 23/05/29 15:50:58 INFO ResourceProfile: Default ResourceProfile created, executor resources: Map(memory -> name: memory, amount: 3072, script: , vendor: , offHeap -> name: offHeap, amount: 0, script: , vendor: ), task resources: Map(cpus -> name: cpus, amount: 1.0)
[2023-05-29 15:50:58,998] {spark_submit.py:490} INFO - 23/05/29 15:50:58 INFO ResourceProfile: Limiting resource is cpu
[2023-05-29 15:50:59,000] {spark_submit.py:490} INFO - 23/05/29 15:50:58 INFO ResourceProfileManager: Added ResourceProfile id: 0
[2023-05-29 15:50:59,043] {spark_submit.py:490} INFO - 23/05/29 15:50:59 INFO SecurityManager: Changing view acls to: default
[2023-05-29 15:50:59,044] {spark_submit.py:490} INFO - 23/05/29 15:50:59 INFO SecurityManager: Changing modify acls to: default
[2023-05-29 15:50:59,045] {spark_submit.py:490} INFO - 23/05/29 15:50:59 INFO SecurityManager: Changing view acls groups to:
[2023-05-29 15:50:59,045] {spark_submit.py:490} INFO - 23/05/29 15:50:59 INFO SecurityManager: Changing modify acls groups to:
[2023-05-29 15:50:59,046] {spark_submit.py:490} INFO - 23/05/29 15:50:59 INFO SecurityManager: SecurityManager: authentication disabled; ui acls disabled; users with view permissions: default; groups with view permissions: EMPTY; users with modify permissions: default; groups with modify permissions: EMPTY
[2023-05-29 15:50:59,213] {spark_submit.py:490} INFO - 23/05/29 15:50:59 INFO Utils: Successfully started service 'sparkDriver' on port 36359.
[2023-05-29 15:50:59,243] {spark_submit.py:490} INFO - 23/05/29 15:50:59 INFO SparkEnv: Registering MapOutputTracker
[2023-05-29 15:50:59,268] {spark_submit.py:490} INFO - 23/05/29 15:50:59 INFO SparkEnv: Registering BlockManagerMaster
[2023-05-29 15:50:59,284] {spark_submit.py:490} INFO - 23/05/29 15:50:59 INFO BlockManagerMasterEndpoint: Using org.apache.spark.storage.DefaultTopologyMapper for getting topology information
[2023-05-29 15:50:59,285] {spark_submit.py:490} INFO - 23/05/29 15:50:59 INFO BlockManagerMasterEndpoint: BlockManagerMasterEndpoint up
[2023-05-29 15:50:59,288] {spark_submit.py:490} INFO - 23/05/29 15:50:59 INFO SparkEnv: Registering BlockManagerMasterHeartbeat
[2023-05-29 15:50:59,303] {spark_submit.py:490} INFO - 23/05/29 15:50:59 INFO DiskBlockManager: Created local directory at /tmp/blockmgr-500ecc76-3f69-42a1-9581-03c60db81d1d
[2023-05-29 15:50:59,314] {spark_submit.py:490} INFO - 23/05/29 15:50:59 INFO MemoryStore: MemoryStore started with capacity 434.4 MiB
[2023-05-29 15:50:59,324] {spark_submit.py:490} INFO - 23/05/29 15:50:59 INFO SparkEnv: Registering OutputCommitCoordinator
[2023-05-29 15:50:59,416] {spark_submit.py:490} INFO - 23/05/29 15:50:59 INFO JettyUtils: Start Jetty 0.0.0.0:4040 for SparkUI
[2023-05-29 15:50:59,460] {spark_submit.py:490} INFO - 23/05/29 15:50:59 INFO Utils: Successfully started service 'SparkUI' on port 4040.
[2023-05-29 15:50:59,530] {spark_submit.py:490} INFO - 23/05/29 15:50:59 INFO StandaloneAppClient$ClientEndpoint: Connecting to master spark://spark:7077...
[2023-05-29 15:50:59,558] {spark_submit.py:490} INFO - 23/05/29 15:50:59 INFO TransportClientFactory: Successfully created connection to spark/172.23.0.7:7077 after 15 ms (0 ms spent in bootstraps)
[2023-05-29 15:50:59,616] {spark_submit.py:490} INFO - 23/05/29 15:50:59 INFO StandaloneSchedulerBackend: Connected to Spark cluster with app ID app-20230529155059-0003
[2023-05-29 15:50:59,621] {spark_submit.py:490} INFO - 23/05/29 15:50:59 INFO Utils: Successfully started service 'org.apache.spark.network.netty.NettyBlockTransferService' on port 45403.
[2023-05-29 15:50:59,622] {spark_submit.py:490} INFO - 23/05/29 15:50:59 INFO NettyBlockTransferService: Server created on 58e417c56c9d:45403
[2023-05-29 15:50:59,622] {spark_submit.py:490} INFO - 23/05/29 15:50:59 INFO BlockManager: Using org.apache.spark.storage.RandomBlockReplicationPolicy for block replication policy
[2023-05-29 15:50:59,627] {spark_submit.py:490} INFO - 23/05/29 15:50:59 INFO BlockManagerMaster: Registering BlockManager BlockManagerId(driver, 58e417c56c9d, 45403, None)
[2023-05-29 15:50:59,629] {spark_submit.py:490} INFO - 23/05/29 15:50:59 INFO BlockManagerMasterEndpoint: Registering block manager 58e417c56c9d:45403 with 434.4 MiB RAM, BlockManagerId(driver, 58e417c56c9d, 45403, None)
[2023-05-29 15:50:59,631] {spark_submit.py:490} INFO - 23/05/29 15:50:59 INFO BlockManagerMaster: Registered BlockManager BlockManagerId(driver, 58e417c56c9d, 45403, None)
[2023-05-29 15:50:59,632] {spark_submit.py:490} INFO - 23/05/29 15:50:59 INFO BlockManager: Initialized BlockManager: BlockManagerId(driver, 58e417c56c9d, 45403, None)
[2023-05-29 15:50:59,749] {spark_submit.py:490} INFO - 23/05/29 15:50:59 INFO StandaloneSchedulerBackend: SchedulerBackend is ready for scheduling beginning after reached minRegisteredResourcesRatio: 0.0
[2023-05-29 15:50:59,767] {spark_submit.py:490} INFO - /home/***/.local/lib/python3.7/site-packages/pyspark/python/lib/pyspark.zip/pyspark/context.py:317: FutureWarning: Python 3.7 support is deprecated in Spark 3.4.
[2023-05-29 15:50:59,768] {spark_submit.py:490} INFO - warnings.warn("Python 3.7 support is deprecated in Spark 3.4.", FutureWarning)
[2023-05-29 15:50:59,917] {spark_submit.py:490} INFO - 23/05/29 15:50:59 INFO SharedState: Setting hive.metastore.warehouse.dir ('null') to the value of spark.sql.warehouse.dir.
[2023-05-29 15:50:59,922] {spark_submit.py:490} INFO - 23/05/29 15:50:59 INFO SharedState: Warehouse path is 'file:/opt/***/spark-warehouse'.
[2023-05-29 15:51:00,687] {spark_submit.py:490} INFO - 23/05/29 15:51:00 INFO HadoopFSUtils: Listing leaf files and directories in parallel under 199 paths. The first several paths are: file:/usr/local/spark/staging/20230529/raw_data_processing/stocks.parquet/part-00000-ff8029b4-0bc5-4656-9e11-dda9d454bfda-c000.lz4.parquet, file:/usr/local/spark/staging/20230529/raw_data_processing/stocks.parquet/part-00001-ff8029b4-0bc5-4656-9e11-dda9d454bfda-c000.lz4.parquet, file:/usr/local/spark/staging/20230529/raw_data_processing/stocks.parquet/part-00002-ff8029b4-0bc5-4656-9e11-dda9d454bfda-c000.lz4.parquet, file:/usr/local/spark/staging/20230529/raw_data_processing/stocks.parquet/part-00003-ff8029b4-0bc5-4656-9e11-dda9d454bfda-c000.lz4.parquet, file:/usr/local/spark/staging/20230529/raw_data_processing/stocks.parquet/part-00004-ff8029b4-0bc5-4656-9e11-dda9d454bfda-c000.lz4.parquet, file:/usr/local/spark/staging/20230529/raw_data_processing/stocks.parquet/part-00005-ff8029b4-0bc5-4656-9e11-dda9d454bfda-c000.lz4.parquet, file:/usr/local/spark/staging/20230529/raw_data_processing/stocks.parquet/part-00006-ff8029b4-0bc5-4656-9e11-dda9d454bfda-c000.lz4.parquet, file:/usr/local/spark/staging/20230529/raw_data_processing/stocks.parquet/part-00007-ff8029b4-0bc5-4656-9e11-dda9d454bfda-c000.lz4.parquet, file:/usr/local/spark/staging/20230529/raw_data_processing/stocks.parquet/part-00008-ff8029b4-0bc5-4656-9e11-dda9d454bfda-c000.lz4.parquet, file:/usr/local/spark/staging/20230529/raw_data_processing/stocks.parquet/part-00009-ff8029b4-0bc5-4656-9e11-dda9d454bfda-c000.lz4.parquet.
[2023-05-29 15:51:00,889] {spark_submit.py:490} INFO - 23/05/29 15:51:00 INFO SparkContext: Starting job: load at NativeMethodAccessorImpl.java:0
[2023-05-29 15:51:00,898] {spark_submit.py:490} INFO - 23/05/29 15:51:00 INFO DAGScheduler: Got job 0 (load at NativeMethodAccessorImpl.java:0) with 199 output partitions
[2023-05-29 15:51:00,899] {spark_submit.py:490} INFO - 23/05/29 15:51:00 INFO DAGScheduler: Final stage: ResultStage 0 (load at NativeMethodAccessorImpl.java:0)
[2023-05-29 15:51:00,899] {spark_submit.py:490} INFO - 23/05/29 15:51:00 INFO DAGScheduler: Parents of final stage: List()
[2023-05-29 15:51:00,900] {spark_submit.py:490} INFO - 23/05/29 15:51:00 INFO DAGScheduler: Missing parents: List()
[2023-05-29 15:51:00,902] {spark_submit.py:490} INFO - 23/05/29 15:51:00 INFO DAGScheduler: Submitting ResultStage 0 (MapPartitionsRDD[2] at load at NativeMethodAccessorImpl.java:0), which has no missing parents
[2023-05-29 15:51:00,963] {spark_submit.py:490} INFO - 23/05/29 15:51:00 INFO MemoryStore: Block broadcast_0 stored as values in memory (estimated size 103.1 KiB, free 434.3 MiB)
[2023-05-29 15:51:00,988] {spark_submit.py:490} INFO - 23/05/29 15:51:00 INFO MemoryStore: Block broadcast_0_piece0 stored as bytes in memory (estimated size 37.0 KiB, free 434.3 MiB)
[2023-05-29 15:51:00,991] {spark_submit.py:490} INFO - 23/05/29 15:51:00 INFO BlockManagerInfo: Added broadcast_0_piece0 in memory on 58e417c56c9d:45403 (size: 37.0 KiB, free: 434.4 MiB)
[2023-05-29 15:51:00,996] {spark_submit.py:490} INFO - 23/05/29 15:51:00 INFO SparkContext: Created broadcast 0 from broadcast at DAGScheduler.scala:1535
[2023-05-29 15:51:01,008] {spark_submit.py:490} INFO - 23/05/29 15:51:01 INFO DAGScheduler: Submitting 199 missing tasks from ResultStage 0 (MapPartitionsRDD[2] at load at NativeMethodAccessorImpl.java:0) (first 15 tasks are for partitions Vector(0, 1, 2, 3, 4, 5, 6, 7, 8, 9, 10, 11, 12, 13, 14))
[2023-05-29 15:51:01,009] {spark_submit.py:490} INFO - 23/05/29 15:51:01 INFO TaskSchedulerImpl: Adding task set 0.0 with 199 tasks resource profile 0
[2023-05-29 15:51:16,024] {spark_submit.py:490} INFO - 23/05/29 15:51:16 WARN TaskSchedulerImpl: Initial job has not accepted any resources; check your cluster UI to ensure that workers are registered and have sufficient resources
[2023-05-29 15:51:31,025] {spark_submit.py:490} INFO - 23/05/29 15:51:31 WARN TaskSchedulerImpl: Initial job has not accepted any resources; check your cluster UI to ensure that workers are registered and have sufficient resources
[2023-05-29 15:51:46,025] {spark_submit.py:490} INFO - 23/05/29 15:51:46 WARN TaskSchedulerImpl: Initial job has not accepted any resources; check your cluster UI to ensure that workers are registered and have sufficient resources
[2023-05-29 15:52:01,024] {spark_submit.py:490} INFO - 23/05/29 15:52:01 WARN TaskSchedulerImpl: Initial job has not accepted any resources; check your cluster UI to ensure that workers are registered and have sufficient resources
[2023-05-29 15:52:16,024] {spark_submit.py:490} INFO - 23/05/29 15:52:16 WARN TaskSchedulerImpl: Initial job has not accepted any resources; check your cluster UI to ensure that workers are registered and have sufficient resources
[2023-05-29 15:52:31,030] {spark_submit.py:490} INFO - 23/05/29 15:52:31 WARN TaskSchedulerImpl: Initial job has not accepted any resources; check your cluster UI to ensure that workers are registered and have sufficient resources
[2023-05-29 15:52:46,025] {spark_submit.py:490} INFO - 23/05/29 15:52:46 WARN TaskSchedulerImpl: Initial job has not accepted any resources; check your cluster UI to ensure that workers are registered and have sufficient resources
[2023-05-29 15:53:01,024] {spark_submit.py:490} INFO - 23/05/29 15:53:01 WARN TaskSchedulerImpl: Initial job has not accepted any resources; check your cluster UI to ensure that workers are registered and have sufficient resources
[2023-05-29 15:53:16,025] {spark_submit.py:490} INFO - 23/05/29 15:53:16 WARN TaskSchedulerImpl: Initial job has not accepted any resources; check your cluster UI to ensure that workers are registered and have sufficient resources
[2023-05-29 15:53:31,027] {spark_submit.py:490} INFO - 23/05/29 15:53:31 WARN TaskSchedulerImpl: Initial job has not accepted any resources; check your cluster UI to ensure that workers are registered and have sufficient resources
[2023-05-29 15:53:46,026] {spark_submit.py:490} INFO - 23/05/29 15:53:46 WARN TaskSchedulerImpl: Initial job has not accepted any resources; check your cluster UI to ensure that workers are registered and have sufficient resources
[2023-05-29 15:54:01,026] {spark_submit.py:490} INFO - 23/05/29 15:54:01 WARN TaskSchedulerImpl: Initial job has not accepted any resources; check your cluster UI to ensure that workers are registered and have sufficient resources
[2023-05-29 15:54:16,025] {spark_submit.py:490} INFO - 23/05/29 15:54:16 WARN TaskSchedulerImpl: Initial job has not accepted any resources; check your cluster UI to ensure that workers are registered and have sufficient resources
[2023-05-29 15:54:31,026] {spark_submit.py:490} INFO - 23/05/29 15:54:31 WARN TaskSchedulerImpl: Initial job has not accepted any resources; check your cluster UI to ensure that workers are registered and have sufficient resources
[2023-05-29 15:54:46,026] {spark_submit.py:490} INFO - 23/05/29 15:54:46 WARN TaskSchedulerImpl: Initial job has not accepted any resources; check your cluster UI to ensure that workers are registered and have sufficient resources
[2023-05-29 15:55:01,027] {spark_submit.py:490} INFO - 23/05/29 15:55:01 WARN TaskSchedulerImpl: Initial job has not accepted any resources; check your cluster UI to ensure that workers are registered and have sufficient resources
[2023-05-29 15:55:16,024] {spark_submit.py:490} INFO - 23/05/29 15:55:16 WARN TaskSchedulerImpl: Initial job has not accepted any resources; check your cluster UI to ensure that workers are registered and have sufficient resources
