[2023-05-29 03:48:35,734] {taskinstance.py:1159} INFO - Dependencies all met for <TaskInstance: stock_spark_airflow.feature_engineering.stock_feature_processing manual__2023-05-28T14:06:12.061445+00:00 [failed]>
[2023-05-29 03:48:35,735] {taskinstance.py:1159} INFO - Dependencies all met for <TaskInstance: stock_spark_airflow.feature_engineering.stock_feature_processing manual__2023-05-28T14:06:12.061445+00:00 [failed]>
[2023-05-29 03:48:35,736] {taskinstance.py:1356} INFO - 
--------------------------------------------------------------------------------
[2023-05-29 03:48:35,736] {taskinstance.py:1357} INFO - Starting attempt 2 of 1
[2023-05-29 03:48:35,737] {taskinstance.py:1358} INFO - 
--------------------------------------------------------------------------------
[2023-05-29 03:48:35,744] {taskinstance.py:1377} INFO - Executing <Task(SparkSubmitOperator): feature_engineering.stock_feature_processing> on 2023-05-28 14:06:12.061445+00:00
[2023-05-29 03:48:35,749] {standard_task_runner.py:52} INFO - Started process 267 to run task
[2023-05-29 03:48:35,753] {standard_task_runner.py:79} INFO - Running: ['***', 'tasks', 'run', 'stock_spark_***', 'feature_engineering.stock_feature_processing', 'manual__2023-05-28T14:06:12.061445+00:00', '--job-id', '351', '--pool', 'default_pool', '--raw', '--subdir', 'DAGS_FOLDER/stock_spark_ml.py', '--cfg-path', '/tmp/tmpjam6oitb', '--error-file', '/tmp/tmp2kb4fzch']
[2023-05-29 03:48:35,754] {standard_task_runner.py:80} INFO - Job 351: Subtask feature_engineering.stock_feature_processing
[2023-05-29 03:48:35,800] {task_command.py:369} INFO - Running <TaskInstance: stock_spark_airflow.feature_engineering.stock_feature_processing manual__2023-05-28T14:06:12.061445+00:00 [running]> on host 58e417c56c9d
[2023-05-29 03:48:35,850] {taskinstance.py:1571} INFO - Exporting the following env vars:
AIRFLOW_CTX_DAG_OWNER=***
AIRFLOW_CTX_DAG_ID=stock_spark_***
AIRFLOW_CTX_TASK_ID=feature_engineering.stock_feature_processing
AIRFLOW_CTX_EXECUTION_DATE=2023-05-28T14:06:12.061445+00:00
AIRFLOW_CTX_TRY_NUMBER=2
AIRFLOW_CTX_DAG_RUN_ID=manual__2023-05-28T14:06:12.061445+00:00
[2023-05-29 03:48:35,860] {base.py:68} INFO - Using connection ID 'spark_local' for task execution.
[2023-05-29 03:48:35,861] {spark_submit.py:339} INFO - Spark-Submit cmd: spark-submit --master spark://spark:7077 --name arrow-spark /usr/local/spark/app/feature_engineering_processing.py stocks
[2023-05-29 03:48:35,931] {spark_submit.py:490} INFO - /home/***/.local/lib/python3.7/site-packages/pyspark/bin/load-spark-env.sh: line 68: ps: command not found
[2023-05-29 03:48:37,424] {spark_submit.py:490} INFO - 23/05/29 03:48:37 INFO SparkContext: Running Spark version 3.4.0
[2023-05-29 03:48:37,460] {spark_submit.py:490} INFO - 23/05/29 03:48:37 WARN NativeCodeLoader: Unable to load native-hadoop library for your platform... using builtin-java classes where applicable
[2023-05-29 03:48:37,505] {spark_submit.py:490} INFO - 23/05/29 03:48:37 INFO ResourceUtils: ==============================================================
[2023-05-29 03:48:37,506] {spark_submit.py:490} INFO - 23/05/29 03:48:37 INFO ResourceUtils: No custom resources configured for spark.driver.
[2023-05-29 03:48:37,506] {spark_submit.py:490} INFO - 23/05/29 03:48:37 INFO ResourceUtils: ==============================================================
[2023-05-29 03:48:37,507] {spark_submit.py:490} INFO - 23/05/29 03:48:37 INFO SparkContext: Submitted application: random_reg
[2023-05-29 03:48:37,517] {spark_submit.py:490} INFO - 23/05/29 03:48:37 INFO ResourceProfile: Default ResourceProfile created, executor resources: Map(memory -> name: memory, amount: 1024, script: , vendor: , offHeap -> name: offHeap, amount: 0, script: , vendor: ), task resources: Map(cpus -> name: cpus, amount: 1.0)
[2023-05-29 03:48:37,523] {spark_submit.py:490} INFO - 23/05/29 03:48:37 INFO ResourceProfile: Limiting resource is cpu
[2023-05-29 03:48:37,524] {spark_submit.py:490} INFO - 23/05/29 03:48:37 INFO ResourceProfileManager: Added ResourceProfile id: 0
[2023-05-29 03:48:37,554] {spark_submit.py:490} INFO - 23/05/29 03:48:37 INFO SecurityManager: Changing view acls to: default
[2023-05-29 03:48:37,556] {spark_submit.py:490} INFO - 23/05/29 03:48:37 INFO SecurityManager: Changing modify acls to: default
[2023-05-29 03:48:37,556] {spark_submit.py:490} INFO - 23/05/29 03:48:37 INFO SecurityManager: Changing view acls groups to:
[2023-05-29 03:48:37,557] {spark_submit.py:490} INFO - 23/05/29 03:48:37 INFO SecurityManager: Changing modify acls groups to:
[2023-05-29 03:48:37,557] {spark_submit.py:490} INFO - 23/05/29 03:48:37 INFO SecurityManager: SecurityManager: authentication disabled; ui acls disabled; users with view permissions: default; groups with view permissions: EMPTY; users with modify permissions: default; groups with modify permissions: EMPTY
[2023-05-29 03:48:37,707] {spark_submit.py:490} INFO - 23/05/29 03:48:37 INFO Utils: Successfully started service 'sparkDriver' on port 40783.
[2023-05-29 03:48:37,736] {spark_submit.py:490} INFO - 23/05/29 03:48:37 INFO SparkEnv: Registering MapOutputTracker
[2023-05-29 03:48:37,756] {spark_submit.py:490} INFO - 23/05/29 03:48:37 INFO SparkEnv: Registering BlockManagerMaster
[2023-05-29 03:48:37,770] {spark_submit.py:490} INFO - 23/05/29 03:48:37 INFO BlockManagerMasterEndpoint: Using org.apache.spark.storage.DefaultTopologyMapper for getting topology information
[2023-05-29 03:48:37,771] {spark_submit.py:490} INFO - 23/05/29 03:48:37 INFO BlockManagerMasterEndpoint: BlockManagerMasterEndpoint up
[2023-05-29 03:48:37,773] {spark_submit.py:490} INFO - 23/05/29 03:48:37 INFO SparkEnv: Registering BlockManagerMasterHeartbeat
[2023-05-29 03:48:37,783] {spark_submit.py:490} INFO - 23/05/29 03:48:37 INFO DiskBlockManager: Created local directory at /tmp/blockmgr-8b7079c7-28eb-4ba5-b57b-cd9a1950059f
[2023-05-29 03:48:37,793] {spark_submit.py:490} INFO - 23/05/29 03:48:37 INFO MemoryStore: MemoryStore started with capacity 434.4 MiB
[2023-05-29 03:48:37,802] {spark_submit.py:490} INFO - 23/05/29 03:48:37 INFO SparkEnv: Registering OutputCommitCoordinator
[2023-05-29 03:48:37,881] {spark_submit.py:490} INFO - 23/05/29 03:48:37 INFO JettyUtils: Start Jetty 0.0.0.0:4040 for SparkUI
[2023-05-29 03:48:37,920] {spark_submit.py:490} INFO - 23/05/29 03:48:37 INFO Utils: Successfully started service 'SparkUI' on port 4040.
[2023-05-29 03:48:37,987] {spark_submit.py:490} INFO - 23/05/29 03:48:37 INFO StandaloneAppClient$ClientEndpoint: Connecting to master spark://spark:7077...
[2023-05-29 03:48:38,015] {spark_submit.py:490} INFO - 23/05/29 03:48:38 INFO TransportClientFactory: Successfully created connection to spark/172.23.0.8:7077 after 16 ms (0 ms spent in bootstraps)
[2023-05-29 03:48:38,074] {spark_submit.py:490} INFO - 23/05/29 03:48:38 INFO StandaloneSchedulerBackend: Connected to Spark cluster with app ID app-20230529034838-0001
[2023-05-29 03:48:38,083] {spark_submit.py:490} INFO - 23/05/29 03:48:38 INFO StandaloneAppClient$ClientEndpoint: Executor added: app-20230529034838-0001/0 on worker-20230529034644-172.23.0.4-44461 (172.23.0.4:44461) with 1 core(s)
[2023-05-29 03:48:38,091] {spark_submit.py:490} INFO - 23/05/29 03:48:38 INFO StandaloneSchedulerBackend: Granted executor ID app-20230529034838-0001/0 on hostPort 172.23.0.4:44461 with 1 core(s), 1024.0 MiB RAM
[2023-05-29 03:48:38,091] {spark_submit.py:490} INFO - 23/05/29 03:48:38 INFO StandaloneAppClient$ClientEndpoint: Executor added: app-20230529034838-0001/1 on worker-20230529034644-172.23.0.5-34715 (172.23.0.5:34715) with 1 core(s)
[2023-05-29 03:48:38,092] {spark_submit.py:490} INFO - 23/05/29 03:48:38 INFO StandaloneSchedulerBackend: Granted executor ID app-20230529034838-0001/1 on hostPort 172.23.0.5:34715 with 1 core(s), 1024.0 MiB RAM
[2023-05-29 03:48:38,093] {spark_submit.py:490} INFO - 23/05/29 03:48:38 INFO StandaloneAppClient$ClientEndpoint: Executor added: app-20230529034838-0001/2 on worker-20230529034644-172.23.0.6-42347 (172.23.0.6:42347) with 1 core(s)
[2023-05-29 03:48:38,093] {spark_submit.py:490} INFO - 23/05/29 03:48:38 INFO StandaloneSchedulerBackend: Granted executor ID app-20230529034838-0001/2 on hostPort 172.23.0.6:42347 with 1 core(s), 1024.0 MiB RAM
[2023-05-29 03:48:38,120] {spark_submit.py:490} INFO - 23/05/29 03:48:38 INFO Utils: Successfully started service 'org.apache.spark.network.netty.NettyBlockTransferService' on port 33253.
[2023-05-29 03:48:38,120] {spark_submit.py:490} INFO - 23/05/29 03:48:38 INFO NettyBlockTransferService: Server created on 58e417c56c9d:33253
[2023-05-29 03:48:38,121] {spark_submit.py:490} INFO - 23/05/29 03:48:38 INFO BlockManager: Using org.apache.spark.storage.RandomBlockReplicationPolicy for block replication policy
[2023-05-29 03:48:38,125] {spark_submit.py:490} INFO - 23/05/29 03:48:38 INFO BlockManagerMaster: Registering BlockManager BlockManagerId(driver, 58e417c56c9d, 33253, None)
[2023-05-29 03:48:38,127] {spark_submit.py:490} INFO - 23/05/29 03:48:38 INFO BlockManagerMasterEndpoint: Registering block manager 58e417c56c9d:33253 with 434.4 MiB RAM, BlockManagerId(driver, 58e417c56c9d, 33253, None)
[2023-05-29 03:48:38,143] {spark_submit.py:490} INFO - 23/05/29 03:48:38 INFO StandaloneAppClient$ClientEndpoint: Executor updated: app-20230529034838-0001/0 is now RUNNING
[2023-05-29 03:48:38,144] {spark_submit.py:490} INFO - 23/05/29 03:48:38 INFO StandaloneAppClient$ClientEndpoint: Executor updated: app-20230529034838-0001/1 is now RUNNING
[2023-05-29 03:48:38,162] {spark_submit.py:490} INFO - 23/05/29 03:48:38 INFO BlockManagerMaster: Registered BlockManager BlockManagerId(driver, 58e417c56c9d, 33253, None)
[2023-05-29 03:48:38,163] {spark_submit.py:490} INFO - 23/05/29 03:48:38 INFO BlockManager: Initialized BlockManager: BlockManagerId(driver, 58e417c56c9d, 33253, None)
[2023-05-29 03:48:38,174] {spark_submit.py:490} INFO - 23/05/29 03:48:38 INFO StandaloneAppClient$ClientEndpoint: Executor updated: app-20230529034838-0001/2 is now RUNNING
[2023-05-29 03:48:38,347] {spark_submit.py:490} INFO - 23/05/29 03:48:38 INFO StandaloneSchedulerBackend: SchedulerBackend is ready for scheduling beginning after reached minRegisteredResourcesRatio: 0.0
[2023-05-29 03:48:38,389] {spark_submit.py:490} INFO - /home/***/.local/lib/python3.7/site-packages/pyspark/python/lib/pyspark.zip/pyspark/context.py:317: FutureWarning: Python 3.7 support is deprecated in Spark 3.4.
[2023-05-29 03:48:38,395] {spark_submit.py:490} INFO - warnings.warn("Python 3.7 support is deprecated in Spark 3.4.", FutureWarning)
[2023-05-29 03:48:38,685] {spark_submit.py:490} INFO - 23/05/29 03:48:38 INFO SharedState: Setting hive.metastore.warehouse.dir ('null') to the value of spark.sql.warehouse.dir.
[2023-05-29 03:48:38,708] {spark_submit.py:490} INFO - 23/05/29 03:48:38 INFO SharedState: Warehouse path is 'file:/opt/***/spark-warehouse'.
[2023-05-29 03:48:40,108] {spark_submit.py:490} INFO - Traceback (most recent call last):
[2023-05-29 03:48:40,109] {spark_submit.py:490} INFO - File "/usr/local/spark/app/feature_engineering_processing.py", line 17, in <module>
[2023-05-29 03:48:40,109] {spark_submit.py:490} INFO - stock_df = spark.read.format("parquet").load(full_path)
[2023-05-29 03:48:40,110] {spark_submit.py:490} INFO - File "/home/***/.local/lib/python3.7/site-packages/pyspark/python/lib/pyspark.zip/pyspark/sql/readwriter.py", line 300, in load
[2023-05-29 03:48:40,110] {spark_submit.py:490} INFO - File "/home/***/.local/lib/python3.7/site-packages/pyspark/python/lib/py4j-0.10.9.7-src.zip/py4j/java_gateway.py", line 1323, in __call__
[2023-05-29 03:48:40,111] {spark_submit.py:490} INFO - File "/home/***/.local/lib/python3.7/site-packages/pyspark/python/lib/pyspark.zip/pyspark/errors/exceptions/captured.py", line 175, in deco
[2023-05-29 03:48:40,119] {spark_submit.py:490} INFO - pyspark.errors.exceptions.captured.AnalysisException: [PATH_NOT_FOUND] Path does not exist: file:/usr/local/spark/staging/20230529/raw_data_processing/stocks.parquet/*.parquet.
[2023-05-29 03:48:40,156] {spark_submit.py:490} INFO - 23/05/29 03:48:40 INFO SparkContext: Invoking stop() from shutdown hook
[2023-05-29 03:48:40,157] {spark_submit.py:490} INFO - 23/05/29 03:48:40 INFO SparkContext: SparkContext is stopping with exitCode 0.
[2023-05-29 03:48:40,201] {spark_submit.py:490} INFO - 23/05/29 03:48:40 INFO SparkUI: Stopped Spark web UI at http://58e417c56c9d:4040
[2023-05-29 03:48:40,206] {spark_submit.py:490} INFO - 23/05/29 03:48:40 INFO StandaloneSchedulerBackend: Shutting down all executors
[2023-05-29 03:48:40,211] {spark_submit.py:490} INFO - 23/05/29 03:48:40 INFO StandaloneSchedulerBackend$StandaloneDriverEndpoint: Asking each executor to shut down
[2023-05-29 03:48:40,234] {spark_submit.py:490} INFO - 23/05/29 03:48:40 INFO MapOutputTrackerMasterEndpoint: MapOutputTrackerMasterEndpoint stopped!
[2023-05-29 03:48:40,282] {spark_submit.py:490} INFO - 23/05/29 03:48:40 INFO MemoryStore: MemoryStore cleared
[2023-05-29 03:48:40,283] {spark_submit.py:490} INFO - 23/05/29 03:48:40 INFO BlockManager: BlockManager stopped
[2023-05-29 03:48:40,290] {spark_submit.py:490} INFO - 23/05/29 03:48:40 INFO BlockManagerMaster: BlockManagerMaster stopped
[2023-05-29 03:48:40,291] {spark_submit.py:490} INFO - 23/05/29 03:48:40 INFO OutputCommitCoordinator$OutputCommitCoordinatorEndpoint: OutputCommitCoordinator stopped!
[2023-05-29 03:48:40,300] {spark_submit.py:490} INFO - 23/05/29 03:48:40 INFO SparkContext: Successfully stopped SparkContext
[2023-05-29 03:48:40,301] {spark_submit.py:490} INFO - 23/05/29 03:48:40 INFO ShutdownHookManager: Shutdown hook called
[2023-05-29 03:48:40,301] {spark_submit.py:490} INFO - 23/05/29 03:48:40 INFO ShutdownHookManager: Deleting directory /tmp/spark-dd7ebaa5-62fc-453e-91fe-b596545aae1b/pyspark-d7da6035-6df4-497b-aca7-015bf8fca747
[2023-05-29 03:48:40,304] {spark_submit.py:490} INFO - 23/05/29 03:48:40 INFO ShutdownHookManager: Deleting directory /tmp/spark-9af1434e-338a-4104-a8af-98845c5e6e6f
[2023-05-29 03:48:40,307] {spark_submit.py:490} INFO - 23/05/29 03:48:40 INFO ShutdownHookManager: Deleting directory /tmp/spark-dd7ebaa5-62fc-453e-91fe-b596545aae1b
[2023-05-29 03:48:40,397] {taskinstance.py:1889} ERROR - Task failed with exception
Traceback (most recent call last):
  File "/home/airflow/.local/lib/python3.7/site-packages/airflow/providers/apache/spark/operators/spark_submit.py", line 157, in execute
    self._hook.submit(self._application)
  File "/home/airflow/.local/lib/python3.7/site-packages/airflow/providers/apache/spark/hooks/spark_submit.py", line 422, in submit
    f"Cannot execute: {self._mask_cmd(spark_submit_cmd)}. Error code is: {returncode}."
airflow.exceptions.AirflowException: Cannot execute: spark-submit --master spark://spark:7077 --name arrow-spark /usr/local/spark/app/feature_engineering_processing.py stocks. Error code is: 1.
[2023-05-29 03:48:40,400] {taskinstance.py:1400} INFO - Marking task as FAILED. dag_id=stock_spark_***, task_id=feature_engineering.stock_feature_processing, execution_date=20230528T140612, start_date=20230529T034835, end_date=20230529T034840
[2023-05-29 03:48:40,407] {standard_task_runner.py:97} ERROR - Failed to execute job 351 for task feature_engineering.stock_feature_processing (Cannot execute: spark-submit --master spark://spark:7077 --name arrow-spark /usr/local/spark/app/feature_engineering_processing.py stocks. Error code is: 1.; 267)
[2023-05-29 03:48:40,434] {local_task_job.py:156} INFO - Task exited with return code 1
[2023-05-29 03:48:40,461] {local_task_job.py:273} INFO - 0 downstream tasks scheduled from follow-on schedule check
