[2023-05-29 15:58:18,937] {taskinstance.py:1159} INFO - Dependencies all met for <TaskInstance: stock_spark_airflow.feature_engineering.stock_feature_processing manual__2023-05-28T14:06:12.061445+00:00 [restarting]>
[2023-05-29 15:58:18,938] {taskinstance.py:1159} INFO - Dependencies all met for <TaskInstance: stock_spark_airflow.feature_engineering.stock_feature_processing manual__2023-05-28T14:06:12.061445+00:00 [restarting]>
[2023-05-29 15:58:18,939] {taskinstance.py:1356} INFO - 
--------------------------------------------------------------------------------
[2023-05-29 15:58:18,939] {taskinstance.py:1357} INFO - Starting attempt 7 of 1
[2023-05-29 15:58:18,940] {taskinstance.py:1358} INFO - 
--------------------------------------------------------------------------------
[2023-05-29 15:58:18,948] {taskinstance.py:1377} INFO - Executing <Task(SparkSubmitOperator): feature_engineering.stock_feature_processing> on 2023-05-28 14:06:12.061445+00:00
[2023-05-29 15:58:18,953] {standard_task_runner.py:52} INFO - Started process 117 to run task
[2023-05-29 15:58:18,957] {standard_task_runner.py:79} INFO - Running: ['***', 'tasks', 'run', 'stock_spark_***', 'feature_engineering.stock_feature_processing', 'manual__2023-05-28T14:06:12.061445+00:00', '--job-id', '362', '--pool', 'default_pool', '--raw', '--subdir', 'DAGS_FOLDER/stock_spark_ml.py', '--cfg-path', '/tmp/tmpo39r9bmx', '--error-file', '/tmp/tmp3h2ms3_f']
[2023-05-29 15:58:18,959] {standard_task_runner.py:80} INFO - Job 362: Subtask feature_engineering.stock_feature_processing
[2023-05-29 15:58:19,007] {task_command.py:369} INFO - Running <TaskInstance: stock_spark_airflow.feature_engineering.stock_feature_processing manual__2023-05-28T14:06:12.061445+00:00 [running]> on host 58e417c56c9d
[2023-05-29 15:58:19,063] {taskinstance.py:1571} INFO - Exporting the following env vars:
AIRFLOW_CTX_DAG_OWNER=***
AIRFLOW_CTX_DAG_ID=stock_spark_***
AIRFLOW_CTX_TASK_ID=feature_engineering.stock_feature_processing
AIRFLOW_CTX_EXECUTION_DATE=2023-05-28T14:06:12.061445+00:00
AIRFLOW_CTX_TRY_NUMBER=7
AIRFLOW_CTX_DAG_RUN_ID=manual__2023-05-28T14:06:12.061445+00:00
[2023-05-29 15:58:19,073] {base.py:68} INFO - Using connection ID 'spark_local' for task execution.
[2023-05-29 15:58:19,074] {spark_submit.py:339} INFO - Spark-Submit cmd: spark-submit --master spark://spark:7077 --name arrow-spark /usr/local/spark/app/feature_engineering_processing.py stocks
[2023-05-29 15:58:19,151] {spark_submit.py:490} INFO - /home/***/.local/lib/python3.7/site-packages/pyspark/bin/load-spark-env.sh: line 68: ps: command not found
[2023-05-29 15:58:20,862] {spark_submit.py:490} INFO - 23/05/29 15:58:20 INFO SparkContext: Running Spark version 3.4.0
[2023-05-29 15:58:20,957] {spark_submit.py:490} INFO - 23/05/29 15:58:20 WARN NativeCodeLoader: Unable to load native-hadoop library for your platform... using builtin-java classes where applicable
[2023-05-29 15:58:21,055] {spark_submit.py:490} INFO - 23/05/29 15:58:21 INFO ResourceUtils: ==============================================================
[2023-05-29 15:58:21,056] {spark_submit.py:490} INFO - 23/05/29 15:58:21 INFO ResourceUtils: No custom resources configured for spark.driver.
[2023-05-29 15:58:21,057] {spark_submit.py:490} INFO - 23/05/29 15:58:21 INFO ResourceUtils: ==============================================================
[2023-05-29 15:58:21,057] {spark_submit.py:490} INFO - 23/05/29 15:58:21 INFO SparkContext: Submitted application: random_reg
[2023-05-29 15:58:21,076] {spark_submit.py:490} INFO - 23/05/29 15:58:21 INFO ResourceProfile: Default ResourceProfile created, executor resources: Map(memory -> name: memory, amount: 3072, script: , vendor: , offHeap -> name: offHeap, amount: 0, script: , vendor: ), task resources: Map(cpus -> name: cpus, amount: 1.0)
[2023-05-29 15:58:21,087] {spark_submit.py:490} INFO - 23/05/29 15:58:21 INFO ResourceProfile: Limiting resource is cpu
[2023-05-29 15:58:21,088] {spark_submit.py:490} INFO - 23/05/29 15:58:21 INFO ResourceProfileManager: Added ResourceProfile id: 0
[2023-05-29 15:58:21,134] {spark_submit.py:490} INFO - 23/05/29 15:58:21 INFO SecurityManager: Changing view acls to: default
[2023-05-29 15:58:21,135] {spark_submit.py:490} INFO - 23/05/29 15:58:21 INFO SecurityManager: Changing modify acls to: default
[2023-05-29 15:58:21,136] {spark_submit.py:490} INFO - 23/05/29 15:58:21 INFO SecurityManager: Changing view acls groups to:
[2023-05-29 15:58:21,137] {spark_submit.py:490} INFO - 23/05/29 15:58:21 INFO SecurityManager: Changing modify acls groups to:
[2023-05-29 15:58:21,137] {spark_submit.py:490} INFO - 23/05/29 15:58:21 INFO SecurityManager: SecurityManager: authentication disabled; ui acls disabled; users with view permissions: default; groups with view permissions: EMPTY; users with modify permissions: default; groups with modify permissions: EMPTY
[2023-05-29 15:58:21,452] {spark_submit.py:490} INFO - 23/05/29 15:58:21 INFO Utils: Successfully started service 'sparkDriver' on port 32943.
[2023-05-29 15:58:21,504] {spark_submit.py:490} INFO - 23/05/29 15:58:21 INFO SparkEnv: Registering MapOutputTracker
[2023-05-29 15:58:21,528] {spark_submit.py:490} INFO - 23/05/29 15:58:21 INFO SparkEnv: Registering BlockManagerMaster
[2023-05-29 15:58:21,540] {spark_submit.py:490} INFO - 23/05/29 15:58:21 INFO BlockManagerMasterEndpoint: Using org.apache.spark.storage.DefaultTopologyMapper for getting topology information
[2023-05-29 15:58:21,541] {spark_submit.py:490} INFO - 23/05/29 15:58:21 INFO BlockManagerMasterEndpoint: BlockManagerMasterEndpoint up
[2023-05-29 15:58:21,543] {spark_submit.py:490} INFO - 23/05/29 15:58:21 INFO SparkEnv: Registering BlockManagerMasterHeartbeat
[2023-05-29 15:58:21,554] {spark_submit.py:490} INFO - 23/05/29 15:58:21 INFO DiskBlockManager: Created local directory at /tmp/blockmgr-bb604119-fd05-4958-a691-a9d584194cd7
[2023-05-29 15:58:21,563] {spark_submit.py:490} INFO - 23/05/29 15:58:21 INFO MemoryStore: MemoryStore started with capacity 434.4 MiB
[2023-05-29 15:58:21,572] {spark_submit.py:490} INFO - 23/05/29 15:58:21 INFO SparkEnv: Registering OutputCommitCoordinator
[2023-05-29 15:58:21,649] {spark_submit.py:490} INFO - 23/05/29 15:58:21 INFO JettyUtils: Start Jetty 0.0.0.0:4040 for SparkUI
[2023-05-29 15:58:21,692] {spark_submit.py:490} INFO - 23/05/29 15:58:21 INFO Utils: Successfully started service 'SparkUI' on port 4040.
[2023-05-29 15:58:21,790] {spark_submit.py:490} INFO - 23/05/29 15:58:21 INFO StandaloneAppClient$ClientEndpoint: Connecting to master spark://spark:7077...
[2023-05-29 15:58:21,823] {spark_submit.py:490} INFO - 23/05/29 15:58:21 INFO TransportClientFactory: Successfully created connection to spark/172.23.0.4:7077 after 18 ms (0 ms spent in bootstraps)
[2023-05-29 15:58:21,926] {spark_submit.py:490} INFO - 23/05/29 15:58:21 INFO StandaloneSchedulerBackend: Connected to Spark cluster with app ID app-20230529155821-0000
[2023-05-29 15:58:21,932] {spark_submit.py:490} INFO - 23/05/29 15:58:21 INFO Utils: Successfully started service 'org.apache.spark.network.netty.NettyBlockTransferService' on port 45699.
[2023-05-29 15:58:21,933] {spark_submit.py:490} INFO - 23/05/29 15:58:21 INFO NettyBlockTransferService: Server created on 58e417c56c9d:45699
[2023-05-29 15:58:21,934] {spark_submit.py:490} INFO - 23/05/29 15:58:21 INFO BlockManager: Using org.apache.spark.storage.RandomBlockReplicationPolicy for block replication policy
[2023-05-29 15:58:21,938] {spark_submit.py:490} INFO - 23/05/29 15:58:21 INFO BlockManagerMaster: Registering BlockManager BlockManagerId(driver, 58e417c56c9d, 45699, None)
[2023-05-29 15:58:21,940] {spark_submit.py:490} INFO - 23/05/29 15:58:21 INFO BlockManagerMasterEndpoint: Registering block manager 58e417c56c9d:45699 with 434.4 MiB RAM, BlockManagerId(driver, 58e417c56c9d, 45699, None)
[2023-05-29 15:58:21,942] {spark_submit.py:490} INFO - 23/05/29 15:58:21 INFO BlockManagerMaster: Registered BlockManager BlockManagerId(driver, 58e417c56c9d, 45699, None)
[2023-05-29 15:58:21,943] {spark_submit.py:490} INFO - 23/05/29 15:58:21 INFO BlockManager: Initialized BlockManager: BlockManagerId(driver, 58e417c56c9d, 45699, None)
[2023-05-29 15:58:22,062] {spark_submit.py:490} INFO - 23/05/29 15:58:22 INFO StandaloneSchedulerBackend: SchedulerBackend is ready for scheduling beginning after reached minRegisteredResourcesRatio: 0.0
[2023-05-29 15:58:22,080] {spark_submit.py:490} INFO - /home/***/.local/lib/python3.7/site-packages/pyspark/python/lib/pyspark.zip/pyspark/context.py:317: FutureWarning: Python 3.7 support is deprecated in Spark 3.4.
[2023-05-29 15:58:22,081] {spark_submit.py:490} INFO - warnings.warn("Python 3.7 support is deprecated in Spark 3.4.", FutureWarning)
[2023-05-29 15:58:22,215] {spark_submit.py:490} INFO - 23/05/29 15:58:22 INFO SharedState: Setting hive.metastore.warehouse.dir ('null') to the value of spark.sql.warehouse.dir.
[2023-05-29 15:58:22,221] {spark_submit.py:490} INFO - 23/05/29 15:58:22 INFO SharedState: Warehouse path is 'file:/opt/***/spark-warehouse'.
[2023-05-29 15:58:22,995] {spark_submit.py:490} INFO - 23/05/29 15:58:22 INFO HadoopFSUtils: Listing leaf files and directories in parallel under 199 paths. The first several paths are: file:/usr/local/spark/staging/20230529/raw_data_processing/stocks.parquet/part-00000-ff8029b4-0bc5-4656-9e11-dda9d454bfda-c000.lz4.parquet, file:/usr/local/spark/staging/20230529/raw_data_processing/stocks.parquet/part-00001-ff8029b4-0bc5-4656-9e11-dda9d454bfda-c000.lz4.parquet, file:/usr/local/spark/staging/20230529/raw_data_processing/stocks.parquet/part-00002-ff8029b4-0bc5-4656-9e11-dda9d454bfda-c000.lz4.parquet, file:/usr/local/spark/staging/20230529/raw_data_processing/stocks.parquet/part-00003-ff8029b4-0bc5-4656-9e11-dda9d454bfda-c000.lz4.parquet, file:/usr/local/spark/staging/20230529/raw_data_processing/stocks.parquet/part-00004-ff8029b4-0bc5-4656-9e11-dda9d454bfda-c000.lz4.parquet, file:/usr/local/spark/staging/20230529/raw_data_processing/stocks.parquet/part-00005-ff8029b4-0bc5-4656-9e11-dda9d454bfda-c000.lz4.parquet, file:/usr/local/spark/staging/20230529/raw_data_processing/stocks.parquet/part-00006-ff8029b4-0bc5-4656-9e11-dda9d454bfda-c000.lz4.parquet, file:/usr/local/spark/staging/20230529/raw_data_processing/stocks.parquet/part-00007-ff8029b4-0bc5-4656-9e11-dda9d454bfda-c000.lz4.parquet, file:/usr/local/spark/staging/20230529/raw_data_processing/stocks.parquet/part-00008-ff8029b4-0bc5-4656-9e11-dda9d454bfda-c000.lz4.parquet, file:/usr/local/spark/staging/20230529/raw_data_processing/stocks.parquet/part-00009-ff8029b4-0bc5-4656-9e11-dda9d454bfda-c000.lz4.parquet.
[2023-05-29 15:58:23,173] {spark_submit.py:490} INFO - 23/05/29 15:58:23 INFO SparkContext: Starting job: load at NativeMethodAccessorImpl.java:0
[2023-05-29 15:58:23,181] {spark_submit.py:490} INFO - 23/05/29 15:58:23 INFO DAGScheduler: Got job 0 (load at NativeMethodAccessorImpl.java:0) with 199 output partitions
[2023-05-29 15:58:23,182] {spark_submit.py:490} INFO - 23/05/29 15:58:23 INFO DAGScheduler: Final stage: ResultStage 0 (load at NativeMethodAccessorImpl.java:0)
[2023-05-29 15:58:23,182] {spark_submit.py:490} INFO - 23/05/29 15:58:23 INFO DAGScheduler: Parents of final stage: List()
[2023-05-29 15:58:23,183] {spark_submit.py:490} INFO - 23/05/29 15:58:23 INFO DAGScheduler: Missing parents: List()
[2023-05-29 15:58:23,185] {spark_submit.py:490} INFO - 23/05/29 15:58:23 INFO DAGScheduler: Submitting ResultStage 0 (MapPartitionsRDD[2] at load at NativeMethodAccessorImpl.java:0), which has no missing parents
[2023-05-29 15:58:23,242] {spark_submit.py:490} INFO - 23/05/29 15:58:23 INFO MemoryStore: Block broadcast_0 stored as values in memory (estimated size 103.1 KiB, free 434.3 MiB)
[2023-05-29 15:58:23,263] {spark_submit.py:490} INFO - 23/05/29 15:58:23 INFO MemoryStore: Block broadcast_0_piece0 stored as bytes in memory (estimated size 37.0 KiB, free 434.3 MiB)
[2023-05-29 15:58:23,264] {spark_submit.py:490} INFO - 23/05/29 15:58:23 INFO BlockManagerInfo: Added broadcast_0_piece0 in memory on 58e417c56c9d:45699 (size: 37.0 KiB, free: 434.4 MiB)
[2023-05-29 15:58:23,266] {spark_submit.py:490} INFO - 23/05/29 15:58:23 INFO SparkContext: Created broadcast 0 from broadcast at DAGScheduler.scala:1535
[2023-05-29 15:58:23,275] {spark_submit.py:490} INFO - 23/05/29 15:58:23 INFO DAGScheduler: Submitting 199 missing tasks from ResultStage 0 (MapPartitionsRDD[2] at load at NativeMethodAccessorImpl.java:0) (first 15 tasks are for partitions Vector(0, 1, 2, 3, 4, 5, 6, 7, 8, 9, 10, 11, 12, 13, 14))
[2023-05-29 15:58:23,276] {spark_submit.py:490} INFO - 23/05/29 15:58:23 INFO TaskSchedulerImpl: Adding task set 0.0 with 199 tasks resource profile 0
[2023-05-29 15:58:38,295] {spark_submit.py:490} INFO - 23/05/29 15:58:38 WARN TaskSchedulerImpl: Initial job has not accepted any resources; check your cluster UI to ensure that workers are registered and have sufficient resources
[2023-05-29 15:58:53,289] {spark_submit.py:490} INFO - 23/05/29 15:58:53 WARN TaskSchedulerImpl: Initial job has not accepted any resources; check your cluster UI to ensure that workers are registered and have sufficient resources
[2023-05-29 15:59:08,293] {spark_submit.py:490} INFO - 23/05/29 15:59:08 WARN TaskSchedulerImpl: Initial job has not accepted any resources; check your cluster UI to ensure that workers are registered and have sufficient resources
[2023-05-29 15:59:23,295] {spark_submit.py:490} INFO - 23/05/29 15:59:23 WARN TaskSchedulerImpl: Initial job has not accepted any resources; check your cluster UI to ensure that workers are registered and have sufficient resources
[2023-05-29 15:59:38,288] {spark_submit.py:490} INFO - 23/05/29 15:59:38 WARN TaskSchedulerImpl: Initial job has not accepted any resources; check your cluster UI to ensure that workers are registered and have sufficient resources
[2023-05-29 15:59:53,291] {spark_submit.py:490} INFO - 23/05/29 15:59:53 WARN TaskSchedulerImpl: Initial job has not accepted any resources; check your cluster UI to ensure that workers are registered and have sufficient resources
[2023-05-29 16:00:08,289] {spark_submit.py:490} INFO - 23/05/29 16:00:08 WARN TaskSchedulerImpl: Initial job has not accepted any resources; check your cluster UI to ensure that workers are registered and have sufficient resources
[2023-05-29 16:00:23,291] {spark_submit.py:490} INFO - 23/05/29 16:00:23 WARN TaskSchedulerImpl: Initial job has not accepted any resources; check your cluster UI to ensure that workers are registered and have sufficient resources
[2023-05-29 16:00:38,290] {spark_submit.py:490} INFO - 23/05/29 16:00:38 WARN TaskSchedulerImpl: Initial job has not accepted any resources; check your cluster UI to ensure that workers are registered and have sufficient resources
[2023-05-29 16:00:53,293] {spark_submit.py:490} INFO - 23/05/29 16:00:53 WARN TaskSchedulerImpl: Initial job has not accepted any resources; check your cluster UI to ensure that workers are registered and have sufficient resources
[2023-05-29 16:01:08,302] {spark_submit.py:490} INFO - 23/05/29 16:01:08 WARN TaskSchedulerImpl: Initial job has not accepted any resources; check your cluster UI to ensure that workers are registered and have sufficient resources
[2023-05-29 16:01:23,290] {spark_submit.py:490} INFO - 23/05/29 16:01:23 WARN TaskSchedulerImpl: Initial job has not accepted any resources; check your cluster UI to ensure that workers are registered and have sufficient resources
[2023-05-29 16:01:38,289] {spark_submit.py:490} INFO - 23/05/29 16:01:38 WARN TaskSchedulerImpl: Initial job has not accepted any resources; check your cluster UI to ensure that workers are registered and have sufficient resources
[2023-05-29 16:01:53,289] {spark_submit.py:490} INFO - 23/05/29 16:01:53 WARN TaskSchedulerImpl: Initial job has not accepted any resources; check your cluster UI to ensure that workers are registered and have sufficient resources
[2023-05-29 16:02:08,292] {spark_submit.py:490} INFO - 23/05/29 16:02:08 WARN TaskSchedulerImpl: Initial job has not accepted any resources; check your cluster UI to ensure that workers are registered and have sufficient resources
[2023-05-29 16:02:23,292] {spark_submit.py:490} INFO - 23/05/29 16:02:23 WARN TaskSchedulerImpl: Initial job has not accepted any resources; check your cluster UI to ensure that workers are registered and have sufficient resources
[2023-05-29 16:02:38,340] {spark_submit.py:490} INFO - 23/05/29 16:02:38 WARN TaskSchedulerImpl: Initial job has not accepted any resources; check your cluster UI to ensure that workers are registered and have sufficient resources
