[2023-05-13 23:00:44,476] {taskinstance.py:1159} INFO - Dependencies all met for <TaskInstance: stock_ml_train.raw_data_processing.verify_raw_data_path manual__2023-05-13T23:00:43.234206+00:00 [queued]>
[2023-05-13 23:00:44,481] {taskinstance.py:1159} INFO - Dependencies all met for <TaskInstance: stock_ml_train.raw_data_processing.verify_raw_data_path manual__2023-05-13T23:00:43.234206+00:00 [queued]>
[2023-05-13 23:00:44,482] {taskinstance.py:1356} INFO - 
--------------------------------------------------------------------------------
[2023-05-13 23:00:44,483] {taskinstance.py:1357} INFO - Starting attempt 1 of 1
[2023-05-13 23:00:44,483] {taskinstance.py:1358} INFO - 
--------------------------------------------------------------------------------
[2023-05-13 23:00:44,491] {taskinstance.py:1377} INFO - Executing <Task(PythonOperator): raw_data_processing.verify_raw_data_path> on 2023-05-13 23:00:43.234206+00:00
[2023-05-13 23:00:44,497] {standard_task_runner.py:52} INFO - Started process 13677 to run task
[2023-05-13 23:00:44,505] {standard_task_runner.py:79} INFO - Running: ['***', 'tasks', 'run', 'stock_ml_train', 'raw_data_processing.verify_raw_data_path', 'manual__2023-05-13T23:00:43.234206+00:00', '--job-id', '146', '--raw', '--subdir', 'DAGS_FOLDER/stock_ml_train.py', '--cfg-path', '/tmp/tmp470sgory', '--error-file', '/tmp/tmppy0ob35a']
[2023-05-13 23:00:44,506] {standard_task_runner.py:80} INFO - Job 146: Subtask raw_data_processing.verify_raw_data_path
[2023-05-13 23:00:44,555] {task_command.py:369} INFO - Running <TaskInstance: stock_ml_train.raw_data_processing.verify_raw_data_path manual__2023-05-13T23:00:43.234206+00:00 [running]> on host 0472f3babb17
[2023-05-13 23:00:44,606] {taskinstance.py:1571} INFO - Exporting the following env vars:
AIRFLOW_CTX_DAG_OWNER=pipis
AIRFLOW_CTX_DAG_ID=stock_ml_train
AIRFLOW_CTX_TASK_ID=raw_data_processing.verify_raw_data_path
AIRFLOW_CTX_EXECUTION_DATE=2023-05-13T23:00:43.234206+00:00
AIRFLOW_CTX_TRY_NUMBER=1
AIRFLOW_CTX_DAG_RUN_ID=manual__2023-05-13T23:00:43.234206+00:00
[2023-05-13 23:00:44,609] {python.py:173} INFO - Done. Returned value was: None
[2023-05-13 23:00:44,619] {taskinstance.py:1400} INFO - Marking task as SUCCESS. dag_id=stock_ml_train, task_id=raw_data_processing.verify_raw_data_path, execution_date=20230513T230043, start_date=20230513T230044, end_date=20230513T230044
[2023-05-13 23:00:44,635] {local_task_job.py:156} INFO - Task exited with return code 0
[2023-05-13 23:00:44,666] {local_task_job.py:273} INFO - 2 downstream tasks scheduled from follow-on schedule check
