[2023-05-28 02:01:17,030] {taskinstance.py:1159} INFO - Dependencies all met for <TaskInstance: stock_spark_airflow.raw_data_processing.verify_raw_data_path manual__2023-05-28T02:01:16.272383+00:00 [queued]>
[2023-05-28 02:01:17,037] {taskinstance.py:1159} INFO - Dependencies all met for <TaskInstance: stock_spark_airflow.raw_data_processing.verify_raw_data_path manual__2023-05-28T02:01:16.272383+00:00 [queued]>
[2023-05-28 02:01:17,038] {taskinstance.py:1356} INFO - 
--------------------------------------------------------------------------------
[2023-05-28 02:01:17,038] {taskinstance.py:1357} INFO - Starting attempt 1 of 1
[2023-05-28 02:01:17,039] {taskinstance.py:1358} INFO - 
--------------------------------------------------------------------------------
[2023-05-28 02:01:17,047] {taskinstance.py:1377} INFO - Executing <Task(PythonOperator): raw_data_processing.verify_raw_data_path> on 2023-05-28 02:01:16.272383+00:00
[2023-05-28 02:01:17,054] {standard_task_runner.py:52} INFO - Started process 6293 to run task
[2023-05-28 02:01:17,057] {standard_task_runner.py:79} INFO - Running: ['***', 'tasks', 'run', 'stock_spark_***', 'raw_data_processing.verify_raw_data_path', 'manual__2023-05-28T02:01:16.272383+00:00', '--job-id', '308', '--raw', '--subdir', 'DAGS_FOLDER/stock_spark_ml.py', '--cfg-path', '/tmp/tmpg4_t5qys', '--error-file', '/tmp/tmpkwioddp5']
[2023-05-28 02:01:17,059] {standard_task_runner.py:80} INFO - Job 308: Subtask raw_data_processing.verify_raw_data_path
[2023-05-28 02:01:17,104] {task_command.py:369} INFO - Running <TaskInstance: stock_spark_airflow.raw_data_processing.verify_raw_data_path manual__2023-05-28T02:01:16.272383+00:00 [running]> on host c1224b457a2d
[2023-05-28 02:01:17,155] {taskinstance.py:1571} INFO - Exporting the following env vars:
AIRFLOW_CTX_DAG_OWNER=***
AIRFLOW_CTX_DAG_ID=stock_spark_***
AIRFLOW_CTX_TASK_ID=raw_data_processing.verify_raw_data_path
AIRFLOW_CTX_EXECUTION_DATE=2023-05-28T02:01:16.272383+00:00
AIRFLOW_CTX_TRY_NUMBER=1
AIRFLOW_CTX_DAG_RUN_ID=manual__2023-05-28T02:01:16.272383+00:00
[2023-05-28 02:01:17,159] {python.py:173} INFO - Done. Returned value was: None
[2023-05-28 02:01:17,171] {taskinstance.py:1400} INFO - Marking task as SUCCESS. dag_id=stock_spark_***, task_id=raw_data_processing.verify_raw_data_path, execution_date=20230528T020116, start_date=20230528T020117, end_date=20230528T020117
[2023-05-28 02:01:17,190] {local_task_job.py:156} INFO - Task exited with return code 0
[2023-05-28 02:01:17,224] {local_task_job.py:273} INFO - 2 downstream tasks scheduled from follow-on schedule check
