[2023-05-29 20:51:19,419] {taskinstance.py:1159} INFO - Dependencies all met for <TaskInstance: stock_spark_airflow.feature_engineering.verify_feature_data_path manual__2023-05-29T20:50:46.611582+00:00 [queued]>
[2023-05-29 20:51:19,424] {taskinstance.py:1159} INFO - Dependencies all met for <TaskInstance: stock_spark_airflow.feature_engineering.verify_feature_data_path manual__2023-05-29T20:50:46.611582+00:00 [queued]>
[2023-05-29 20:51:19,425] {taskinstance.py:1356} INFO - 
--------------------------------------------------------------------------------
[2023-05-29 20:51:19,425] {taskinstance.py:1357} INFO - Starting attempt 1 of 1
[2023-05-29 20:51:19,426] {taskinstance.py:1358} INFO - 
--------------------------------------------------------------------------------
[2023-05-29 20:51:19,433] {taskinstance.py:1377} INFO - Executing <Task(PythonOperator): feature_engineering.verify_feature_data_path> on 2023-05-29 20:50:46.611582+00:00
[2023-05-29 20:51:19,438] {standard_task_runner.py:52} INFO - Started process 550 to run task
[2023-05-29 20:51:19,442] {standard_task_runner.py:79} INFO - Running: ['***', 'tasks', 'run', 'stock_spark_***', 'feature_engineering.verify_feature_data_path', 'manual__2023-05-29T20:50:46.611582+00:00', '--job-id', '380', '--raw', '--subdir', 'DAGS_FOLDER/stock_spark_ml.py', '--cfg-path', '/tmp/tmpi7hdpm7x', '--error-file', '/tmp/tmpt29lapp9']
[2023-05-29 20:51:19,443] {standard_task_runner.py:80} INFO - Job 380: Subtask feature_engineering.verify_feature_data_path
[2023-05-29 20:51:19,490] {task_command.py:369} INFO - Running <TaskInstance: stock_spark_airflow.feature_engineering.verify_feature_data_path manual__2023-05-29T20:50:46.611582+00:00 [running]> on host 5b0f4fa1b7e1
[2023-05-29 20:51:19,540] {taskinstance.py:1571} INFO - Exporting the following env vars:
AIRFLOW_CTX_DAG_OWNER=***
AIRFLOW_CTX_DAG_ID=stock_spark_***
AIRFLOW_CTX_TASK_ID=feature_engineering.verify_feature_data_path
AIRFLOW_CTX_EXECUTION_DATE=2023-05-29T20:50:46.611582+00:00
AIRFLOW_CTX_TRY_NUMBER=1
AIRFLOW_CTX_DAG_RUN_ID=manual__2023-05-29T20:50:46.611582+00:00
[2023-05-29 20:51:19,544] {logging_mixin.py:115} INFO - The new directory is created!
[2023-05-29 20:51:19,544] {python.py:173} INFO - Done. Returned value was: None
[2023-05-29 20:51:19,555] {taskinstance.py:1400} INFO - Marking task as SUCCESS. dag_id=stock_spark_***, task_id=feature_engineering.verify_feature_data_path, execution_date=20230529T205046, start_date=20230529T205119, end_date=20230529T205119
[2023-05-29 20:51:19,575] {local_task_job.py:156} INFO - Task exited with return code 0
[2023-05-29 20:51:19,606] {local_task_job.py:273} INFO - 2 downstream tasks scheduled from follow-on schedule check
