[2023-05-28 14:15:52,416] {taskinstance.py:1159} INFO - Dependencies all met for <TaskInstance: stock_spark_airflow.feature_engineering.verify_feature_data_path manual__2023-05-28T14:06:12.061445+00:00 [upstream_failed]>
[2023-05-28 14:15:52,422] {taskinstance.py:1159} INFO - Dependencies all met for <TaskInstance: stock_spark_airflow.feature_engineering.verify_feature_data_path manual__2023-05-28T14:06:12.061445+00:00 [upstream_failed]>
[2023-05-28 14:15:52,423] {taskinstance.py:1356} INFO - 
--------------------------------------------------------------------------------
[2023-05-28 14:15:52,424] {taskinstance.py:1357} INFO - Starting attempt 1 of 1
[2023-05-28 14:15:52,424] {taskinstance.py:1358} INFO - 
--------------------------------------------------------------------------------
[2023-05-28 14:15:52,429] {taskinstance.py:1377} INFO - Executing <Task(PythonOperator): feature_engineering.verify_feature_data_path> on 2023-05-28 14:06:12.061445+00:00
[2023-05-28 14:15:52,434] {standard_task_runner.py:52} INFO - Started process 1978 to run task
[2023-05-28 14:15:52,437] {standard_task_runner.py:79} INFO - Running: ['***', 'tasks', 'run', 'stock_spark_***', 'feature_engineering.verify_feature_data_path', 'manual__2023-05-28T14:06:12.061445+00:00', '--job-id', '345', '--pool', 'default_pool', '--raw', '--subdir', 'DAGS_FOLDER/stock_spark_ml.py', '--cfg-path', '/tmp/tmp3b5h0j1x', '--error-file', '/tmp/tmpwi33e3rs']
[2023-05-28 14:15:52,439] {standard_task_runner.py:80} INFO - Job 345: Subtask feature_engineering.verify_feature_data_path
[2023-05-28 14:15:52,483] {task_command.py:369} INFO - Running <TaskInstance: stock_spark_airflow.feature_engineering.verify_feature_data_path manual__2023-05-28T14:06:12.061445+00:00 [running]> on host 58e417c56c9d
[2023-05-28 14:15:52,533] {taskinstance.py:1571} INFO - Exporting the following env vars:
AIRFLOW_CTX_DAG_OWNER=***
AIRFLOW_CTX_DAG_ID=stock_spark_***
AIRFLOW_CTX_TASK_ID=feature_engineering.verify_feature_data_path
AIRFLOW_CTX_EXECUTION_DATE=2023-05-28T14:06:12.061445+00:00
AIRFLOW_CTX_TRY_NUMBER=1
AIRFLOW_CTX_DAG_RUN_ID=manual__2023-05-28T14:06:12.061445+00:00
[2023-05-28 14:15:52,535] {python.py:173} INFO - Done. Returned value was: None
[2023-05-28 14:15:52,545] {taskinstance.py:1400} INFO - Marking task as SUCCESS. dag_id=stock_spark_***, task_id=feature_engineering.verify_feature_data_path, execution_date=20230528T140612, start_date=20230528T141552, end_date=20230528T141552
[2023-05-28 14:15:52,570] {local_task_job.py:156} INFO - Task exited with return code 0
[2023-05-28 14:15:52,594] {local_task_job.py:273} INFO - 0 downstream tasks scheduled from follow-on schedule check
