[2023-05-13 23:01:23,141] {taskinstance.py:1159} INFO - Dependencies all met for <TaskInstance: stock_ml_train.feature_engineering.stock_feature_engineering manual__2023-05-13T23:00:43.234206+00:00 [queued]>
[2023-05-13 23:01:23,148] {taskinstance.py:1159} INFO - Dependencies all met for <TaskInstance: stock_ml_train.feature_engineering.stock_feature_engineering manual__2023-05-13T23:00:43.234206+00:00 [queued]>
[2023-05-13 23:01:23,148] {taskinstance.py:1356} INFO - 
--------------------------------------------------------------------------------
[2023-05-13 23:01:23,149] {taskinstance.py:1357} INFO - Starting attempt 1 of 1
[2023-05-13 23:01:23,149] {taskinstance.py:1358} INFO - 
--------------------------------------------------------------------------------
[2023-05-13 23:01:23,156] {taskinstance.py:1377} INFO - Executing <Task(PythonOperator): feature_engineering.stock_feature_engineering> on 2023-05-13 23:00:43.234206+00:00
[2023-05-13 23:01:23,162] {standard_task_runner.py:52} INFO - Started process 19520 to run task
[2023-05-13 23:01:23,165] {standard_task_runner.py:79} INFO - Running: ['***', 'tasks', 'run', 'stock_ml_train', 'feature_engineering.stock_feature_engineering', 'manual__2023-05-13T23:00:43.234206+00:00', '--job-id', '151', '--raw', '--subdir', 'DAGS_FOLDER/stock_ml_train.py', '--cfg-path', '/tmp/tmpvxft1k43', '--error-file', '/tmp/tmp2jt9s5k1']
[2023-05-13 23:01:23,167] {standard_task_runner.py:80} INFO - Job 151: Subtask feature_engineering.stock_feature_engineering
[2023-05-13 23:01:23,210] {task_command.py:369} INFO - Running <TaskInstance: stock_ml_train.feature_engineering.stock_feature_engineering manual__2023-05-13T23:00:43.234206+00:00 [running]> on host 0472f3babb17
[2023-05-13 23:01:23,258] {taskinstance.py:1571} INFO - Exporting the following env vars:
AIRFLOW_CTX_DAG_OWNER=pipis
AIRFLOW_CTX_DAG_ID=stock_ml_train
AIRFLOW_CTX_TASK_ID=feature_engineering.stock_feature_engineering
AIRFLOW_CTX_EXECUTION_DATE=2023-05-13T23:00:43.234206+00:00
AIRFLOW_CTX_TRY_NUMBER=1
AIRFLOW_CTX_DAG_RUN_ID=manual__2023-05-13T23:00:43.234206+00:00
[2023-05-13 23:01:57,487] {python.py:173} INFO - Done. Returned value was: None
[2023-05-13 23:01:57,498] {taskinstance.py:1400} INFO - Marking task as SUCCESS. dag_id=stock_ml_train, task_id=feature_engineering.stock_feature_engineering, execution_date=20230513T230043, start_date=20230513T230123, end_date=20230513T230157
[2023-05-13 23:01:57,538] {local_task_job.py:156} INFO - Task exited with return code 0
[2023-05-13 23:01:57,561] {local_task_job.py:273} INFO - 0 downstream tasks scheduled from follow-on schedule check
