[2023-05-29 03:48:27,995] {taskinstance.py:1159} INFO - Dependencies all met for <TaskInstance: stock_spark_airflow.feature_engineering.etf_feature_processing manual__2023-05-28T14:06:12.061445+00:00 [failed]>
[2023-05-29 03:48:27,996] {taskinstance.py:1159} INFO - Dependencies all met for <TaskInstance: stock_spark_airflow.feature_engineering.etf_feature_processing manual__2023-05-28T14:06:12.061445+00:00 [failed]>
[2023-05-29 03:48:27,997] {taskinstance.py:1356} INFO - 
--------------------------------------------------------------------------------
[2023-05-29 03:48:27,997] {taskinstance.py:1357} INFO - Starting attempt 2 of 1
[2023-05-29 03:48:27,998] {taskinstance.py:1358} INFO - 
--------------------------------------------------------------------------------
[2023-05-29 03:48:28,008] {taskinstance.py:1377} INFO - Executing <Task(SparkSubmitOperator): feature_engineering.etf_feature_processing> on 2023-05-28 14:06:12.061445+00:00
[2023-05-29 03:48:28,012] {standard_task_runner.py:52} INFO - Started process 123 to run task
[2023-05-29 03:48:28,016] {standard_task_runner.py:79} INFO - Running: ['***', 'tasks', 'run', 'stock_spark_***', 'feature_engineering.etf_feature_processing', 'manual__2023-05-28T14:06:12.061445+00:00', '--job-id', '350', '--pool', 'default_pool', '--raw', '--subdir', 'DAGS_FOLDER/stock_spark_ml.py', '--cfg-path', '/tmp/tmpo61nchy7', '--error-file', '/tmp/tmplkounseo']
[2023-05-29 03:48:28,017] {standard_task_runner.py:80} INFO - Job 350: Subtask feature_engineering.etf_feature_processing
[2023-05-29 03:48:28,062] {task_command.py:369} INFO - Running <TaskInstance: stock_spark_airflow.feature_engineering.etf_feature_processing manual__2023-05-28T14:06:12.061445+00:00 [running]> on host 58e417c56c9d
[2023-05-29 03:48:28,116] {taskinstance.py:1571} INFO - Exporting the following env vars:
AIRFLOW_CTX_DAG_OWNER=***
AIRFLOW_CTX_DAG_ID=stock_spark_***
AIRFLOW_CTX_TASK_ID=feature_engineering.etf_feature_processing
AIRFLOW_CTX_EXECUTION_DATE=2023-05-28T14:06:12.061445+00:00
AIRFLOW_CTX_TRY_NUMBER=2
AIRFLOW_CTX_DAG_RUN_ID=manual__2023-05-28T14:06:12.061445+00:00
[2023-05-29 03:48:28,126] {base.py:68} INFO - Using connection ID 'spark_local' for task execution.
[2023-05-29 03:48:28,127] {spark_submit.py:339} INFO - Spark-Submit cmd: spark-submit --master spark://spark:7077 --name arrow-spark /usr/local/spark/app/feature_engineering_processing.py etfs
[2023-05-29 03:48:28,203] {spark_submit.py:490} INFO - /home/***/.local/lib/python3.7/site-packages/pyspark/bin/load-spark-env.sh: line 68: ps: command not found
[2023-05-29 03:48:30,321] {spark_submit.py:490} INFO - 23/05/29 03:48:30 INFO SparkContext: Running Spark version 3.4.0
[2023-05-29 03:48:30,377] {spark_submit.py:490} INFO - 23/05/29 03:48:30 WARN NativeCodeLoader: Unable to load native-hadoop library for your platform... using builtin-java classes where applicable
[2023-05-29 03:48:30,450] {spark_submit.py:490} INFO - 23/05/29 03:48:30 INFO ResourceUtils: ==============================================================
[2023-05-29 03:48:30,451] {spark_submit.py:490} INFO - 23/05/29 03:48:30 INFO ResourceUtils: No custom resources configured for spark.driver.
[2023-05-29 03:48:30,452] {spark_submit.py:490} INFO - 23/05/29 03:48:30 INFO ResourceUtils: ==============================================================
[2023-05-29 03:48:30,452] {spark_submit.py:490} INFO - 23/05/29 03:48:30 INFO SparkContext: Submitted application: random_reg
[2023-05-29 03:48:30,468] {spark_submit.py:490} INFO - 23/05/29 03:48:30 INFO ResourceProfile: Default ResourceProfile created, executor resources: Map(memory -> name: memory, amount: 1024, script: , vendor: , offHeap -> name: offHeap, amount: 0, script: , vendor: ), task resources: Map(cpus -> name: cpus, amount: 1.0)
[2023-05-29 03:48:30,476] {spark_submit.py:490} INFO - 23/05/29 03:48:30 INFO ResourceProfile: Limiting resource is cpu
[2023-05-29 03:48:30,476] {spark_submit.py:490} INFO - 23/05/29 03:48:30 INFO ResourceProfileManager: Added ResourceProfile id: 0
[2023-05-29 03:48:30,523] {spark_submit.py:490} INFO - 23/05/29 03:48:30 INFO SecurityManager: Changing view acls to: default
[2023-05-29 03:48:30,525] {spark_submit.py:490} INFO - 23/05/29 03:48:30 INFO SecurityManager: Changing modify acls to: default
[2023-05-29 03:48:30,525] {spark_submit.py:490} INFO - 23/05/29 03:48:30 INFO SecurityManager: Changing view acls groups to:
[2023-05-29 03:48:30,526] {spark_submit.py:490} INFO - 23/05/29 03:48:30 INFO SecurityManager: Changing modify acls groups to:
[2023-05-29 03:48:30,526] {spark_submit.py:490} INFO - 23/05/29 03:48:30 INFO SecurityManager: SecurityManager: authentication disabled; ui acls disabled; users with view permissions: default; groups with view permissions: EMPTY; users with modify permissions: default; groups with modify permissions: EMPTY
[2023-05-29 03:48:30,767] {spark_submit.py:490} INFO - 23/05/29 03:48:30 INFO Utils: Successfully started service 'sparkDriver' on port 37437.
[2023-05-29 03:48:30,822] {spark_submit.py:490} INFO - 23/05/29 03:48:30 INFO SparkEnv: Registering MapOutputTracker
[2023-05-29 03:48:30,899] {spark_submit.py:490} INFO - 23/05/29 03:48:30 INFO SparkEnv: Registering BlockManagerMaster
[2023-05-29 03:48:30,921] {spark_submit.py:490} INFO - 23/05/29 03:48:30 INFO BlockManagerMasterEndpoint: Using org.apache.spark.storage.DefaultTopologyMapper for getting topology information
[2023-05-29 03:48:30,922] {spark_submit.py:490} INFO - 23/05/29 03:48:30 INFO BlockManagerMasterEndpoint: BlockManagerMasterEndpoint up
[2023-05-29 03:48:30,931] {spark_submit.py:490} INFO - 23/05/29 03:48:30 INFO SparkEnv: Registering BlockManagerMasterHeartbeat
[2023-05-29 03:48:30,957] {spark_submit.py:490} INFO - 23/05/29 03:48:30 INFO DiskBlockManager: Created local directory at /tmp/blockmgr-41512b0a-6867-4575-ab5a-5356645eb7bc
[2023-05-29 03:48:30,973] {spark_submit.py:490} INFO - 23/05/29 03:48:30 INFO MemoryStore: MemoryStore started with capacity 434.4 MiB
[2023-05-29 03:48:30,997] {spark_submit.py:490} INFO - 23/05/29 03:48:30 INFO SparkEnv: Registering OutputCommitCoordinator
[2023-05-29 03:48:31,169] {spark_submit.py:490} INFO - 23/05/29 03:48:31 INFO JettyUtils: Start Jetty 0.0.0.0:4040 for SparkUI
[2023-05-29 03:48:31,254] {spark_submit.py:490} INFO - 23/05/29 03:48:31 INFO Utils: Successfully started service 'SparkUI' on port 4040.
[2023-05-29 03:48:31,371] {spark_submit.py:490} INFO - 23/05/29 03:48:31 INFO StandaloneAppClient$ClientEndpoint: Connecting to master spark://spark:7077...
[2023-05-29 03:48:31,438] {spark_submit.py:490} INFO - 23/05/29 03:48:31 INFO TransportClientFactory: Successfully created connection to spark/172.23.0.8:7077 after 44 ms (0 ms spent in bootstraps)
[2023-05-29 03:48:31,587] {spark_submit.py:490} INFO - 23/05/29 03:48:31 INFO StandaloneSchedulerBackend: Connected to Spark cluster with app ID app-20230529034831-0000
[2023-05-29 03:48:31,601] {spark_submit.py:490} INFO - 23/05/29 03:48:31 INFO Utils: Successfully started service 'org.apache.spark.network.netty.NettyBlockTransferService' on port 42091.
[2023-05-29 03:48:31,602] {spark_submit.py:490} INFO - 23/05/29 03:48:31 INFO NettyBlockTransferService: Server created on 58e417c56c9d:42091
[2023-05-29 03:48:31,602] {spark_submit.py:490} INFO - 23/05/29 03:48:31 INFO BlockManager: Using org.apache.spark.storage.RandomBlockReplicationPolicy for block replication policy
[2023-05-29 03:48:31,607] {spark_submit.py:490} INFO - 23/05/29 03:48:31 INFO BlockManagerMaster: Registering BlockManager BlockManagerId(driver, 58e417c56c9d, 42091, None)
[2023-05-29 03:48:31,611] {spark_submit.py:490} INFO - 23/05/29 03:48:31 INFO BlockManagerMasterEndpoint: Registering block manager 58e417c56c9d:42091 with 434.4 MiB RAM, BlockManagerId(driver, 58e417c56c9d, 42091, None)
[2023-05-29 03:48:31,614] {spark_submit.py:490} INFO - 23/05/29 03:48:31 INFO BlockManagerMaster: Registered BlockManager BlockManagerId(driver, 58e417c56c9d, 42091, None)
[2023-05-29 03:48:31,615] {spark_submit.py:490} INFO - 23/05/29 03:48:31 INFO BlockManager: Initialized BlockManager: BlockManagerId(driver, 58e417c56c9d, 42091, None)
[2023-05-29 03:48:31,635] {spark_submit.py:490} INFO - 23/05/29 03:48:31 INFO StandaloneAppClient$ClientEndpoint: Executor added: app-20230529034831-0000/0 on worker-20230529034644-172.23.0.4-44461 (172.23.0.4:44461) with 1 core(s)
[2023-05-29 03:48:31,644] {spark_submit.py:490} INFO - 23/05/29 03:48:31 INFO StandaloneSchedulerBackend: Granted executor ID app-20230529034831-0000/0 on hostPort 172.23.0.4:44461 with 1 core(s), 1024.0 MiB RAM
[2023-05-29 03:48:31,647] {spark_submit.py:490} INFO - 23/05/29 03:48:31 INFO StandaloneAppClient$ClientEndpoint: Executor added: app-20230529034831-0000/1 on worker-20230529034644-172.23.0.5-34715 (172.23.0.5:34715) with 1 core(s)
[2023-05-29 03:48:31,648] {spark_submit.py:490} INFO - 23/05/29 03:48:31 INFO StandaloneSchedulerBackend: Granted executor ID app-20230529034831-0000/1 on hostPort 172.23.0.5:34715 with 1 core(s), 1024.0 MiB RAM
[2023-05-29 03:48:31,648] {spark_submit.py:490} INFO - 23/05/29 03:48:31 INFO StandaloneAppClient$ClientEndpoint: Executor added: app-20230529034831-0000/2 on worker-20230529034644-172.23.0.6-42347 (172.23.0.6:42347) with 1 core(s)
[2023-05-29 03:48:31,648] {spark_submit.py:490} INFO - 23/05/29 03:48:31 INFO StandaloneSchedulerBackend: Granted executor ID app-20230529034831-0000/2 on hostPort 172.23.0.6:42347 with 1 core(s), 1024.0 MiB RAM
[2023-05-29 03:48:32,001] {spark_submit.py:490} INFO - 23/05/29 03:48:32 INFO StandaloneAppClient$ClientEndpoint: Executor updated: app-20230529034831-0000/0 is now RUNNING
[2023-05-29 03:48:32,021] {spark_submit.py:490} INFO - 23/05/29 03:48:32 INFO StandaloneAppClient$ClientEndpoint: Executor updated: app-20230529034831-0000/2 is now RUNNING
[2023-05-29 03:48:32,052] {spark_submit.py:490} INFO - 23/05/29 03:48:32 INFO StandaloneAppClient$ClientEndpoint: Executor updated: app-20230529034831-0000/1 is now RUNNING
[2023-05-29 03:48:32,152] {spark_submit.py:490} INFO - 23/05/29 03:48:32 INFO StandaloneSchedulerBackend: SchedulerBackend is ready for scheduling beginning after reached minRegisteredResourcesRatio: 0.0
[2023-05-29 03:48:32,184] {spark_submit.py:490} INFO - /home/***/.local/lib/python3.7/site-packages/pyspark/python/lib/pyspark.zip/pyspark/context.py:317: FutureWarning: Python 3.7 support is deprecated in Spark 3.4.
[2023-05-29 03:48:32,185] {spark_submit.py:490} INFO - warnings.warn("Python 3.7 support is deprecated in Spark 3.4.", FutureWarning)
[2023-05-29 03:48:32,776] {spark_submit.py:490} INFO - 23/05/29 03:48:32 INFO SharedState: Setting hive.metastore.warehouse.dir ('null') to the value of spark.sql.warehouse.dir.
[2023-05-29 03:48:32,788] {spark_submit.py:490} INFO - 23/05/29 03:48:32 INFO SharedState: Warehouse path is 'file:/opt/***/spark-warehouse'.
[2023-05-29 03:48:34,951] {spark_submit.py:490} INFO - Traceback (most recent call last):
[2023-05-29 03:48:34,952] {spark_submit.py:490} INFO - File "/usr/local/spark/app/feature_engineering_processing.py", line 17, in <module>
[2023-05-29 03:48:34,955] {spark_submit.py:490} INFO - stock_df = spark.read.format("parquet").load(full_path)
[2023-05-29 03:48:34,956] {spark_submit.py:490} INFO - File "/home/***/.local/lib/python3.7/site-packages/pyspark/python/lib/pyspark.zip/pyspark/sql/readwriter.py", line 300, in load
[2023-05-29 03:48:34,956] {spark_submit.py:490} INFO - File "/home/***/.local/lib/python3.7/site-packages/pyspark/python/lib/py4j-0.10.9.7-src.zip/py4j/java_gateway.py", line 1323, in __call__
[2023-05-29 03:48:34,957] {spark_submit.py:490} INFO - File "/home/***/.local/lib/python3.7/site-packages/pyspark/python/lib/pyspark.zip/pyspark/errors/exceptions/captured.py", line 175, in deco
[2023-05-29 03:48:34,972] {spark_submit.py:490} INFO - pyspark.errors.exceptions.captured.AnalysisException: [PATH_NOT_FOUND] Path does not exist: file:/usr/local/spark/staging/20230529/raw_data_processing/etfs.parquet/*.parquet.
[2023-05-29 03:48:35,045] {spark_submit.py:490} INFO - 23/05/29 03:48:35 INFO SparkContext: Invoking stop() from shutdown hook
[2023-05-29 03:48:35,046] {spark_submit.py:490} INFO - 23/05/29 03:48:35 INFO SparkContext: SparkContext is stopping with exitCode 0.
[2023-05-29 03:48:35,075] {spark_submit.py:490} INFO - 23/05/29 03:48:35 INFO SparkUI: Stopped Spark web UI at http://58e417c56c9d:4040
[2023-05-29 03:48:35,083] {spark_submit.py:490} INFO - 23/05/29 03:48:35 INFO StandaloneSchedulerBackend: Shutting down all executors
[2023-05-29 03:48:35,084] {spark_submit.py:490} INFO - 23/05/29 03:48:35 INFO StandaloneSchedulerBackend$StandaloneDriverEndpoint: Asking each executor to shut down
[2023-05-29 03:48:35,159] {spark_submit.py:490} INFO - 23/05/29 03:48:35 INFO MapOutputTrackerMasterEndpoint: MapOutputTrackerMasterEndpoint stopped!
[2023-05-29 03:48:35,199] {spark_submit.py:490} INFO - 23/05/29 03:48:35 INFO MemoryStore: MemoryStore cleared
[2023-05-29 03:48:35,201] {spark_submit.py:490} INFO - 23/05/29 03:48:35 INFO BlockManager: BlockManager stopped
[2023-05-29 03:48:35,222] {spark_submit.py:490} INFO - 23/05/29 03:48:35 INFO BlockManagerMaster: BlockManagerMaster stopped
[2023-05-29 03:48:35,228] {spark_submit.py:490} INFO - 23/05/29 03:48:35 INFO OutputCommitCoordinator$OutputCommitCoordinatorEndpoint: OutputCommitCoordinator stopped!
[2023-05-29 03:48:35,252] {spark_submit.py:490} INFO - 23/05/29 03:48:35 INFO SparkContext: Successfully stopped SparkContext
[2023-05-29 03:48:35,253] {spark_submit.py:490} INFO - 23/05/29 03:48:35 INFO ShutdownHookManager: Shutdown hook called
[2023-05-29 03:48:35,254] {spark_submit.py:490} INFO - 23/05/29 03:48:35 INFO ShutdownHookManager: Deleting directory /tmp/spark-5d00b73b-508d-4154-abb3-8f58945c17c7
[2023-05-29 03:48:35,255] {spark_submit.py:490} INFO - 23/05/29 03:48:35 INFO ShutdownHookManager: Deleting directory /tmp/spark-483dfd90-25c4-4c0f-a3f9-c244c3a4a027
[2023-05-29 03:48:35,256] {spark_submit.py:490} INFO - 23/05/29 03:48:35 INFO ShutdownHookManager: Deleting directory /tmp/spark-5d00b73b-508d-4154-abb3-8f58945c17c7/pyspark-ff83f727-b724-453b-8380-3aef0d4d9a5b
[2023-05-29 03:48:35,378] {taskinstance.py:1889} ERROR - Task failed with exception
Traceback (most recent call last):
  File "/home/airflow/.local/lib/python3.7/site-packages/airflow/providers/apache/spark/operators/spark_submit.py", line 157, in execute
    self._hook.submit(self._application)
  File "/home/airflow/.local/lib/python3.7/site-packages/airflow/providers/apache/spark/hooks/spark_submit.py", line 422, in submit
    f"Cannot execute: {self._mask_cmd(spark_submit_cmd)}. Error code is: {returncode}."
airflow.exceptions.AirflowException: Cannot execute: spark-submit --master spark://spark:7077 --name arrow-spark /usr/local/spark/app/feature_engineering_processing.py etfs. Error code is: 1.
[2023-05-29 03:48:35,382] {taskinstance.py:1400} INFO - Marking task as FAILED. dag_id=stock_spark_***, task_id=feature_engineering.etf_feature_processing, execution_date=20230528T140612, start_date=20230529T034827, end_date=20230529T034835
[2023-05-29 03:48:35,396] {standard_task_runner.py:97} ERROR - Failed to execute job 350 for task feature_engineering.etf_feature_processing (Cannot execute: spark-submit --master spark://spark:7077 --name arrow-spark /usr/local/spark/app/feature_engineering_processing.py etfs. Error code is: 1.; 123)
[2023-05-29 03:48:35,413] {local_task_job.py:156} INFO - Task exited with return code 1
[2023-05-29 03:48:35,450] {local_task_job.py:273} INFO - 0 downstream tasks scheduled from follow-on schedule check
