[2023-05-28 02:01:29,943] {taskinstance.py:1159} INFO - Dependencies all met for <TaskInstance: stock_spark_airflow.feature_engineering.verify_feature_data_path manual__2023-05-28T02:01:16.272383+00:00 [queued]>
[2023-05-28 02:01:29,948] {taskinstance.py:1159} INFO - Dependencies all met for <TaskInstance: stock_spark_airflow.feature_engineering.verify_feature_data_path manual__2023-05-28T02:01:16.272383+00:00 [queued]>
[2023-05-28 02:01:29,949] {taskinstance.py:1356} INFO - 
--------------------------------------------------------------------------------
[2023-05-28 02:01:29,949] {taskinstance.py:1357} INFO - Starting attempt 1 of 1
[2023-05-28 02:01:29,950] {taskinstance.py:1358} INFO - 
--------------------------------------------------------------------------------
[2023-05-28 02:01:29,957] {taskinstance.py:1377} INFO - Executing <Task(PythonOperator): feature_engineering.verify_feature_data_path> on 2023-05-28 02:01:16.272383+00:00
[2023-05-28 02:01:29,962] {standard_task_runner.py:52} INFO - Started process 6720 to run task
[2023-05-28 02:01:29,966] {standard_task_runner.py:79} INFO - Running: ['***', 'tasks', 'run', 'stock_spark_***', 'feature_engineering.verify_feature_data_path', 'manual__2023-05-28T02:01:16.272383+00:00', '--job-id', '311', '--raw', '--subdir', 'DAGS_FOLDER/stock_spark_ml.py', '--cfg-path', '/tmp/tmp352o9r8n', '--error-file', '/tmp/tmpvol1p_mk']
[2023-05-28 02:01:29,967] {standard_task_runner.py:80} INFO - Job 311: Subtask feature_engineering.verify_feature_data_path
[2023-05-28 02:01:30,015] {task_command.py:369} INFO - Running <TaskInstance: stock_spark_airflow.feature_engineering.verify_feature_data_path manual__2023-05-28T02:01:16.272383+00:00 [running]> on host c1224b457a2d
[2023-05-28 02:01:30,063] {taskinstance.py:1571} INFO - Exporting the following env vars:
AIRFLOW_CTX_DAG_OWNER=***
AIRFLOW_CTX_DAG_ID=stock_spark_***
AIRFLOW_CTX_TASK_ID=feature_engineering.verify_feature_data_path
AIRFLOW_CTX_EXECUTION_DATE=2023-05-28T02:01:16.272383+00:00
AIRFLOW_CTX_TRY_NUMBER=1
AIRFLOW_CTX_DAG_RUN_ID=manual__2023-05-28T02:01:16.272383+00:00
[2023-05-28 02:01:30,065] {python.py:173} INFO - Done. Returned value was: None
[2023-05-28 02:01:30,075] {taskinstance.py:1400} INFO - Marking task as SUCCESS. dag_id=stock_spark_***, task_id=feature_engineering.verify_feature_data_path, execution_date=20230528T020116, start_date=20230528T020129, end_date=20230528T020130
[2023-05-28 02:01:30,101] {local_task_job.py:156} INFO - Task exited with return code 0
[2023-05-28 02:01:30,131] {local_task_job.py:273} INFO - 2 downstream tasks scheduled from follow-on schedule check
