[2023-05-13 23:01:21,992] {taskinstance.py:1159} INFO - Dependencies all met for <TaskInstance: stock_ml_train.feature_engineering.verify_feature_data_path manual__2023-05-13T23:00:43.234206+00:00 [queued]>
[2023-05-13 23:01:21,997] {taskinstance.py:1159} INFO - Dependencies all met for <TaskInstance: stock_ml_train.feature_engineering.verify_feature_data_path manual__2023-05-13T23:00:43.234206+00:00 [queued]>
[2023-05-13 23:01:21,998] {taskinstance.py:1356} INFO - 
--------------------------------------------------------------------------------
[2023-05-13 23:01:21,998] {taskinstance.py:1357} INFO - Starting attempt 1 of 1
[2023-05-13 23:01:21,999] {taskinstance.py:1358} INFO - 
--------------------------------------------------------------------------------
[2023-05-13 23:01:22,007] {taskinstance.py:1377} INFO - Executing <Task(PythonOperator): feature_engineering.verify_feature_data_path> on 2023-05-13 23:00:43.234206+00:00
[2023-05-13 23:01:22,012] {standard_task_runner.py:52} INFO - Started process 19514 to run task
[2023-05-13 23:01:22,016] {standard_task_runner.py:79} INFO - Running: ['***', 'tasks', 'run', 'stock_ml_train', 'feature_engineering.verify_feature_data_path', 'manual__2023-05-13T23:00:43.234206+00:00', '--job-id', '149', '--raw', '--subdir', 'DAGS_FOLDER/stock_ml_train.py', '--cfg-path', '/tmp/tmpuo64siyq', '--error-file', '/tmp/tmpdqi22lqk']
[2023-05-13 23:01:22,017] {standard_task_runner.py:80} INFO - Job 149: Subtask feature_engineering.verify_feature_data_path
[2023-05-13 23:01:22,061] {task_command.py:369} INFO - Running <TaskInstance: stock_ml_train.feature_engineering.verify_feature_data_path manual__2023-05-13T23:00:43.234206+00:00 [running]> on host 0472f3babb17
[2023-05-13 23:01:22,109] {taskinstance.py:1571} INFO - Exporting the following env vars:
AIRFLOW_CTX_DAG_OWNER=pipis
AIRFLOW_CTX_DAG_ID=stock_ml_train
AIRFLOW_CTX_TASK_ID=feature_engineering.verify_feature_data_path
AIRFLOW_CTX_EXECUTION_DATE=2023-05-13T23:00:43.234206+00:00
AIRFLOW_CTX_TRY_NUMBER=1
AIRFLOW_CTX_DAG_RUN_ID=manual__2023-05-13T23:00:43.234206+00:00
[2023-05-13 23:01:22,112] {python.py:173} INFO - Done. Returned value was: None
[2023-05-13 23:01:22,122] {taskinstance.py:1400} INFO - Marking task as SUCCESS. dag_id=stock_ml_train, task_id=feature_engineering.verify_feature_data_path, execution_date=20230513T230043, start_date=20230513T230121, end_date=20230513T230122
[2023-05-13 23:01:22,149] {local_task_job.py:156} INFO - Task exited with return code 0
[2023-05-13 23:01:22,180] {local_task_job.py:273} INFO - 2 downstream tasks scheduled from follow-on schedule check
