[2023-05-29 20:56:50,455] {taskinstance.py:1159} INFO - Dependencies all met for <TaskInstance: stock_spark_airflow.feature_engineering.verify_feature_data_path manual__2023-05-29T20:56:22.047830+00:00 [queued]>
[2023-05-29 20:56:50,461] {taskinstance.py:1159} INFO - Dependencies all met for <TaskInstance: stock_spark_airflow.feature_engineering.verify_feature_data_path manual__2023-05-29T20:56:22.047830+00:00 [queued]>
[2023-05-29 20:56:50,461] {taskinstance.py:1356} INFO - 
--------------------------------------------------------------------------------
[2023-05-29 20:56:50,462] {taskinstance.py:1357} INFO - Starting attempt 1 of 1
[2023-05-29 20:56:50,462] {taskinstance.py:1358} INFO - 
--------------------------------------------------------------------------------
[2023-05-29 20:56:50,469] {taskinstance.py:1377} INFO - Executing <Task(PythonOperator): feature_engineering.verify_feature_data_path> on 2023-05-29 20:56:22.047830+00:00
[2023-05-29 20:56:50,474] {standard_task_runner.py:52} INFO - Started process 1999 to run task
[2023-05-29 20:56:50,478] {standard_task_runner.py:79} INFO - Running: ['***', 'tasks', 'run', 'stock_spark_***', 'feature_engineering.verify_feature_data_path', 'manual__2023-05-29T20:56:22.047830+00:00', '--job-id', '387', '--raw', '--subdir', 'DAGS_FOLDER/stock_spark_ml.py', '--cfg-path', '/tmp/tmpb8h66ozl', '--error-file', '/tmp/tmp4s9tbkss']
[2023-05-29 20:56:50,479] {standard_task_runner.py:80} INFO - Job 387: Subtask feature_engineering.verify_feature_data_path
[2023-05-29 20:56:50,525] {task_command.py:369} INFO - Running <TaskInstance: stock_spark_airflow.feature_engineering.verify_feature_data_path manual__2023-05-29T20:56:22.047830+00:00 [running]> on host 5b0f4fa1b7e1
[2023-05-29 20:56:50,574] {taskinstance.py:1571} INFO - Exporting the following env vars:
AIRFLOW_CTX_DAG_OWNER=***
AIRFLOW_CTX_DAG_ID=stock_spark_***
AIRFLOW_CTX_TASK_ID=feature_engineering.verify_feature_data_path
AIRFLOW_CTX_EXECUTION_DATE=2023-05-29T20:56:22.047830+00:00
AIRFLOW_CTX_TRY_NUMBER=1
AIRFLOW_CTX_DAG_RUN_ID=manual__2023-05-29T20:56:22.047830+00:00
[2023-05-29 20:56:50,575] {python.py:173} INFO - Done. Returned value was: None
[2023-05-29 20:56:50,585] {taskinstance.py:1400} INFO - Marking task as SUCCESS. dag_id=stock_spark_***, task_id=feature_engineering.verify_feature_data_path, execution_date=20230529T205622, start_date=20230529T205650, end_date=20230529T205650
[2023-05-29 20:56:50,611] {local_task_job.py:156} INFO - Task exited with return code 0
[2023-05-29 20:56:50,641] {local_task_job.py:273} INFO - 2 downstream tasks scheduled from follow-on schedule check
